CRITICAL - 2025-08-17 04:55:22 --> ErrorException: include(include/header.php): Failed to open stream: No such file or directory
[Method: GET, Route: /]
in APPPATH\Views\frontend\index.php on line 1.
 1 APPPATH\Views\frontend\index.php(1): CodeIgniter\Debug\Exceptions->errorHandler(2, 'include(include/header.php): Failed to open stream: No such file or directory', 'C:\\xampp\\htdocs\\CodeIgnitor4\\app\\Views\\frontend\\index.php', 1)
 2 APPPATH\Views\frontend\index.php(1): include()
 3 SYSTEMPATH\View\View.php(226): include('C:\\xampp\\htdocs\\CodeIgnitor4\\app\\Views\\frontend\\index.php')
 4 SYSTEMPATH\View\View.php(229): CodeIgniter\View\View->CodeIgniter\View\{closure}()
 5 SYSTEMPATH\Common.php(1167): CodeIgniter\View\View->render('frontend/index', [], true)
 6 APPPATH\Controllers\Home.php(9): view('frontend/index')
 7 SYSTEMPATH\CodeIgniter.php(933): App\Controllers\Home->index()
 8 SYSTEMPATH\CodeIgniter.php(507): CodeIgniter\CodeIgniter->runController(Object(App\Controllers\Home))
 9 SYSTEMPATH\CodeIgniter.php(354): CodeIgniter\CodeIgniter->handleRequest(null, Object(Config\Cache), false)
10 SYSTEMPATH\Boot.php(363): CodeIgniter\CodeIgniter->run()
11 SYSTEMPATH\Boot.php(68): CodeIgniter\Boot::runCodeIgniter(Object(CodeIgniter\CodeIgniter))
12 FCPATH\index.php(59): CodeIgniter\Boot::bootWeb(Object(Config\Paths))
13 SYSTEMPATH\rewrite.php(44): require_once('C:\\xampp\\htdocs\\CodeIgnitor4\\public\\index.php')
CRITICAL - 2025-08-17 07:39:31 --> ErrorException: include(include/header.php): Failed to open stream: No such file or directory
[Method: GET, Route: /]
in APPPATH\Views\frontend\index.php on line 1.
 1 APPPATH\Views\frontend\index.php(1): CodeIgniter\Debug\Exceptions->errorHandler(2, 'include(include/header.php): Failed to open stream: No such file or directory', 'C:\\xampp\\htdocs\\CodeIgnitor4\\app\\Views\\frontend\\index.php', 1)
 2 APPPATH\Views\frontend\index.php(1): include()
 3 SYSTEMPATH\View\View.php(226): include('C:\\xampp\\htdocs\\CodeIgnitor4\\app\\Views\\frontend\\index.php')
 4 SYSTEMPATH\View\View.php(229): CodeIgniter\View\View->CodeIgniter\View\{closure}()
 5 SYSTEMPATH\Common.php(1167): CodeIgniter\View\View->render('frontend/index', [], true)
 6 APPPATH\Controllers\Home.php(9): view('frontend/index')
 7 SYSTEMPATH\CodeIgniter.php(933): App\Controllers\Home->index()
 8 SYSTEMPATH\CodeIgniter.php(507): CodeIgniter\CodeIgniter->runController(Object(App\Controllers\Home))
 9 SYSTEMPATH\CodeIgniter.php(354): CodeIgniter\CodeIgniter->handleRequest(null, Object(Config\Cache), false)
10 SYSTEMPATH\Boot.php(363): CodeIgniter\CodeIgniter->run()
11 SYSTEMPATH\Boot.php(68): CodeIgniter\Boot::runCodeIgniter(Object(CodeIgniter\CodeIgniter))
12 FCPATH\index.php(59): CodeIgniter\Boot::bootWeb(Object(Config\Paths))
CRITICAL - 2025-08-17 07:40:51 --> Error: Call to undefined method CodeIgniter\View\View::view()
[Method: GET, Route: /]
in APPPATH\Views\frontend\index.php on line 1.
 1 SYSTEMPATH\View\View.php(226): include()
 2 SYSTEMPATH\View\View.php(229): CodeIgniter\View\View->CodeIgniter\View\{closure}()
 3 SYSTEMPATH\Common.php(1167): CodeIgniter\View\View->render('frontend/index', [], true)
 4 APPPATH\Controllers\Home.php(9): view('frontend/index')
 5 SYSTEMPATH\CodeIgniter.php(933): App\Controllers\Home->index()
 6 SYSTEMPATH\CodeIgniter.php(507): CodeIgniter\CodeIgniter->runController(Object(App\Controllers\Home))
 7 SYSTEMPATH\CodeIgniter.php(354): CodeIgniter\CodeIgniter->handleRequest(null, Object(Config\Cache), false)
 8 SYSTEMPATH\Boot.php(363): CodeIgniter\CodeIgniter->run()
 9 SYSTEMPATH\Boot.php(68): CodeIgniter\Boot::runCodeIgniter(Object(CodeIgniter\CodeIgniter))
10 FCPATH\index.php(59): CodeIgniter\Boot::bootWeb(Object(Config\Paths))
CRITICAL - 2025-08-17 07:41:07 --> Error: Call to undefined method CodeIgniter\View\View::view()
[Method: GET, Route: /]
in APPPATH\Views\frontend\index.php on line 1.
 1 SYSTEMPATH\View\View.php(226): include()
 2 SYSTEMPATH\View\View.php(229): CodeIgniter\View\View->CodeIgniter\View\{closure}()
 3 SYSTEMPATH\Common.php(1167): CodeIgniter\View\View->render('frontend/index', [], true)
 4 APPPATH\Controllers\Home.php(9): view('frontend/index')
 5 SYSTEMPATH\CodeIgniter.php(933): App\Controllers\Home->index()
 6 SYSTEMPATH\CodeIgniter.php(507): CodeIgniter\CodeIgniter->runController(Object(App\Controllers\Home))
 7 SYSTEMPATH\CodeIgniter.php(354): CodeIgniter\CodeIgniter->handleRequest(null, Object(Config\Cache), false)
 8 SYSTEMPATH\Boot.php(363): CodeIgniter\CodeIgniter->run()
 9 SYSTEMPATH\Boot.php(68): CodeIgniter\Boot::runCodeIgniter(Object(CodeIgniter\CodeIgniter))
10 FCPATH\index.php(59): CodeIgniter\Boot::bootWeb(Object(Config\Paths))
CRITICAL - 2025-08-17 07:42:20 --> CodeIgniter\View\Exceptions\ViewException: Invalid file: "include/header.php"
[Method: GET, Route: /]
in SYSTEMPATH\Exceptions\FrameworkException.php on line 39.
 1 SYSTEMPATH\View\View.php(214): CodeIgniter\Exceptions\FrameworkException::forInvalidFile('include/header.php')
 2 SYSTEMPATH\View\View.php(475): CodeIgniter\View\View->render('include/header', null, true)
 3 APPPATH\Views\frontend\index.php(1): CodeIgniter\View\View->include('include/header')
 4 SYSTEMPATH\View\View.php(226): include('C:\\xampp\\htdocs\\CodeIgnitor4\\app\\Views\\frontend\\index.php')
 5 SYSTEMPATH\View\View.php(229): CodeIgniter\View\View->CodeIgniter\View\{closure}()
 6 SYSTEMPATH\Common.php(1167): CodeIgniter\View\View->render('frontend/index', [], true)
 7 APPPATH\Controllers\Home.php(9): view('frontend/index')
 8 SYSTEMPATH\CodeIgniter.php(933): App\Controllers\Home->index()
 9 SYSTEMPATH\CodeIgniter.php(507): CodeIgniter\CodeIgniter->runController(Object(App\Controllers\Home))
10 SYSTEMPATH\CodeIgniter.php(354): CodeIgniter\CodeIgniter->handleRequest(null, Object(Config\Cache), false)
11 SYSTEMPATH\Boot.php(363): CodeIgniter\CodeIgniter->run()
12 SYSTEMPATH\Boot.php(68): CodeIgniter\Boot::runCodeIgniter(Object(CodeIgniter\CodeIgniter))
13 FCPATH\index.php(59): CodeIgniter\Boot::bootWeb(Object(Config\Paths))
CRITICAL - 2025-08-17 07:43:30 --> CodeIgniter\View\Exceptions\ViewException: Invalid file: "include/header.php"
[Method: GET, Route: /]
in SYSTEMPATH\Exceptions\FrameworkException.php on line 39.
 1 SYSTEMPATH\View\View.php(214): CodeIgniter\Exceptions\FrameworkException::forInvalidFile('include/header.php')
 2 SYSTEMPATH\View\View.php(475): CodeIgniter\View\View->render('include/header', null, true)
 3 APPPATH\Views\frontend\index.php(1): CodeIgniter\View\View->include('include/header')
 4 SYSTEMPATH\View\View.php(226): include('C:\\xampp\\htdocs\\CodeIgnitor4\\app\\Views\\frontend\\index.php')
 5 SYSTEMPATH\View\View.php(229): CodeIgniter\View\View->CodeIgniter\View\{closure}()
 6 SYSTEMPATH\Common.php(1167): CodeIgniter\View\View->render('frontend/index', [], true)
 7 APPPATH\Controllers\Home.php(9): view('frontend/index')
 8 SYSTEMPATH\CodeIgniter.php(933): App\Controllers\Home->index()
 9 SYSTEMPATH\CodeIgniter.php(507): CodeIgniter\CodeIgniter->runController(Object(App\Controllers\Home))
10 SYSTEMPATH\CodeIgniter.php(354): CodeIgniter\CodeIgniter->handleRequest(null, Object(Config\Cache), false)
11 SYSTEMPATH\Boot.php(363): CodeIgniter\CodeIgniter->run()
12 SYSTEMPATH\Boot.php(68): CodeIgniter\Boot::runCodeIgniter(Object(CodeIgniter\CodeIgniter))
13 FCPATH\index.php(59): CodeIgniter\Boot::bootWeb(Object(Config\Paths))
CRITICAL - 2025-08-17 07:45:08 --> CodeIgniter\View\Exceptions\ViewException: Invalid file: "frontend/include/header.php"
[Method: GET, Route: /]
in SYSTEMPATH\Exceptions\FrameworkException.php on line 39.
 1 SYSTEMPATH\View\View.php(214): CodeIgniter\Exceptions\FrameworkException::forInvalidFile('frontend/include/header.php')
 2 SYSTEMPATH\View\View.php(475): CodeIgniter\View\View->render('frontend/include/header', null, true)
 3 APPPATH\Views\frontend\index.php(1): CodeIgniter\View\View->include('frontend/include/header')
 4 SYSTEMPATH\View\View.php(226): include('C:\\xampp\\htdocs\\CodeIgnitor4\\app\\Views\\frontend\\index.php')
 5 SYSTEMPATH\View\View.php(229): CodeIgniter\View\View->CodeIgniter\View\{closure}()
 6 SYSTEMPATH\Common.php(1167): CodeIgniter\View\View->render('frontend/index', [], true)
 7 APPPATH\Controllers\Home.php(9): view('frontend/index')
 8 SYSTEMPATH\CodeIgniter.php(933): App\Controllers\Home->index()
 9 SYSTEMPATH\CodeIgniter.php(507): CodeIgniter\CodeIgniter->runController(Object(App\Controllers\Home))
10 SYSTEMPATH\CodeIgniter.php(354): CodeIgniter\CodeIgniter->handleRequest(null, Object(Config\Cache), false)
11 SYSTEMPATH\Boot.php(363): CodeIgniter\CodeIgniter->run()
12 SYSTEMPATH\Boot.php(68): CodeIgniter\Boot::runCodeIgniter(Object(CodeIgniter\CodeIgniter))
13 FCPATH\index.php(59): CodeIgniter\Boot::bootWeb(Object(Config\Paths))
CRITICAL - 2025-08-17 07:48:00 --> CodeIgniter\View\Exceptions\ViewException: Invalid file: "include/header.php"
[Method: GET, Route: /]
in SYSTEMPATH\Exceptions\FrameworkException.php on line 39.
 1 SYSTEMPATH\View\View.php(214): CodeIgniter\Exceptions\FrameworkException::forInvalidFile('include/header.php')
 2 SYSTEMPATH\View\View.php(475): CodeIgniter\View\View->render('include/header', null, true)
 3 APPPATH\Views\frontend\index.php(1): CodeIgniter\View\View->include('include/header')
 4 SYSTEMPATH\View\View.php(226): include('C:\\xampp\\htdocs\\CodeIgnitor4\\app\\Views\\frontend\\index.php')
 5 SYSTEMPATH\View\View.php(229): CodeIgniter\View\View->CodeIgniter\View\{closure}()
 6 SYSTEMPATH\Common.php(1167): CodeIgniter\View\View->render('frontend/index', [], true)
 7 APPPATH\Controllers\Home.php(9): view('frontend/index')
 8 SYSTEMPATH\CodeIgniter.php(933): App\Controllers\Home->index()
 9 SYSTEMPATH\CodeIgniter.php(507): CodeIgniter\CodeIgniter->runController(Object(App\Controllers\Home))
10 SYSTEMPATH\CodeIgniter.php(354): CodeIgniter\CodeIgniter->handleRequest(null, Object(Config\Cache), false)
11 SYSTEMPATH\Boot.php(363): CodeIgniter\CodeIgniter->run()
12 SYSTEMPATH\Boot.php(68): CodeIgniter\Boot::runCodeIgniter(Object(CodeIgniter\CodeIgniter))
13 FCPATH\index.php(59): CodeIgniter\Boot::bootWeb(Object(Config\Paths))
