CRITICAL - 2025-10-07 08:41:33 --> ErrorException: Undefined array key "id"
[Method: GET, Route: /]
in APPPATH\Views\frontend\productbtn.php on line 5.
 1 APPPATH\Views\frontend\productbtn.php(5): CodeIgniter\Debug\Exceptions->errorHandler(2, 'Undefined array key "id"', 'C:\\xampp\\htdocs\\ZayraKart\\app\\Views\\frontend\\productbtn.php', 5)
 2 APPPATH\Views\frontend\index.php(74): include('C:\\xampp\\htdocs\\ZayraKart\\app\\Views\\frontend\\productbtn.php')
 3 SYSTEMPATH\View\View.php(226): include('C:\\xampp\\htdocs\\ZayraKart\\app\\Views\\frontend\\index.php')
 4 SYSTEMPATH\View\View.php(229): CodeIgniter\View\View->CodeIgniter\View\{closure}()
 5 SYSTEMPATH\Common.php(1167): CodeIgniter\View\View->render('frontend/index', [], true)
 6 APPPATH\Controllers\Home.php(25): view('frontend/index', [...])
 7 SYSTEMPATH\CodeIgniter.php(933): App\Controllers\Home->index()
 8 SYSTEMPATH\CodeIgniter.php(507): CodeIgniter\CodeIgniter->runController(Object(App\Controllers\Home))
 9 SYSTEMPATH\CodeIgniter.php(354): CodeIgniter\CodeIgniter->handleRequest(null, Object(Config\Cache), false)
10 SYSTEMPATH\Boot.php(363): CodeIgniter\CodeIgniter->run()
11 SYSTEMPATH\Boot.php(68): CodeIgniter\Boot::runCodeIgniter(Object(CodeIgniter\CodeIgniter))
12 FCPATH\index.php(59): CodeIgniter\Boot::bootWeb(Object(Config\Paths))
CRITICAL - 2025-10-07 08:45:27 --> ErrorException: Undefined array key "id"
[Method: GET, Route: /]
in APPPATH\Views\frontend\productbtn.php on line 7.
 1 APPPATH\Views\frontend\productbtn.php(7): CodeIgniter\Debug\Exceptions->errorHandler(2, 'Undefined array key "id"', 'C:\\xampp\\htdocs\\ZayraKart\\app\\Views\\frontend\\productbtn.php', 7)
 2 APPPATH\Views\frontend\index.php(74): include('C:\\xampp\\htdocs\\ZayraKart\\app\\Views\\frontend\\productbtn.php')
 3 SYSTEMPATH\View\View.php(226): include('C:\\xampp\\htdocs\\ZayraKart\\app\\Views\\frontend\\index.php')
 4 SYSTEMPATH\View\View.php(229): CodeIgniter\View\View->CodeIgniter\View\{closure}()
 5 SYSTEMPATH\Common.php(1167): CodeIgniter\View\View->render('frontend/index', [], true)
 6 APPPATH\Controllers\Home.php(25): view('frontend/index', [...])
 7 SYSTEMPATH\CodeIgniter.php(933): App\Controllers\Home->index()
 8 SYSTEMPATH\CodeIgniter.php(507): CodeIgniter\CodeIgniter->runController(Object(App\Controllers\Home))
 9 SYSTEMPATH\CodeIgniter.php(354): CodeIgniter\CodeIgniter->handleRequest(null, Object(Config\Cache), false)
10 SYSTEMPATH\Boot.php(363): CodeIgniter\CodeIgniter->run()
11 SYSTEMPATH\Boot.php(68): CodeIgniter\Boot::runCodeIgniter(Object(CodeIgniter\CodeIgniter))
12 FCPATH\index.php(59): CodeIgniter\Boot::bootWeb(Object(Config\Paths))
CRITICAL - 2025-10-07 08:45:51 --> ErrorException: Undefined array key "id"
[Method: GET, Route: /]
in APPPATH\Views\frontend\productbtn.php on line 13.
 1 APPPATH\Views\frontend\productbtn.php(13): CodeIgniter\Debug\Exceptions->errorHandler(2, 'Undefined array key "id"', 'C:\\xampp\\htdocs\\ZayraKart\\app\\Views\\frontend\\productbtn.php', 13)
 2 APPPATH\Views\frontend\index.php(74): include('C:\\xampp\\htdocs\\ZayraKart\\app\\Views\\frontend\\productbtn.php')
 3 SYSTEMPATH\View\View.php(226): include('C:\\xampp\\htdocs\\ZayraKart\\app\\Views\\frontend\\index.php')
 4 SYSTEMPATH\View\View.php(229): CodeIgniter\View\View->CodeIgniter\View\{closure}()
 5 SYSTEMPATH\Common.php(1167): CodeIgniter\View\View->render('frontend/index', [], true)
 6 APPPATH\Controllers\Home.php(25): view('frontend/index', [...])
 7 SYSTEMPATH\CodeIgniter.php(933): App\Controllers\Home->index()
 8 SYSTEMPATH\CodeIgniter.php(507): CodeIgniter\CodeIgniter->runController(Object(App\Controllers\Home))
 9 SYSTEMPATH\CodeIgniter.php(354): CodeIgniter\CodeIgniter->handleRequest(null, Object(Config\Cache), false)
10 SYSTEMPATH\Boot.php(363): CodeIgniter\CodeIgniter->run()
11 SYSTEMPATH\Boot.php(68): CodeIgniter\Boot::runCodeIgniter(Object(CodeIgniter\CodeIgniter))
12 FCPATH\index.php(59): CodeIgniter\Boot::bootWeb(Object(Config\Paths))
CRITICAL - 2025-10-07 08:46:12 --> ErrorException: Undefined array key 0
[Method: GET, Route: shop/MA]
in APPPATH\Views\frontend\productbtn.php on line 5.
 1 APPPATH\Views\frontend\productbtn.php(5): CodeIgniter\Debug\Exceptions->errorHandler(2, 'Undefined array key 0', 'C:\\xampp\\htdocs\\ZayraKart\\app\\Views\\frontend\\productbtn.php', 5)
 2 APPPATH\Views\frontend\shop.php(31): include('C:\\xampp\\htdocs\\ZayraKart\\app\\Views\\frontend\\productbtn.php')
 3 SYSTEMPATH\View\View.php(226): include('C:\\xampp\\htdocs\\ZayraKart\\app\\Views\\frontend\\shop.php')
 4 SYSTEMPATH\View\View.php(229): CodeIgniter\View\View->CodeIgniter\View\{closure}()
 5 SYSTEMPATH\Common.php(1167): CodeIgniter\View\View->render('frontend/shop', [], true)
 6 APPPATH\Controllers\Home.php(44): view('frontend/shop', [...])
 7 SYSTEMPATH\CodeIgniter.php(933): App\Controllers\Home->shop('0')
 8 SYSTEMPATH\CodeIgniter.php(507): CodeIgniter\CodeIgniter->runController(Object(App\Controllers\Home))
 9 SYSTEMPATH\CodeIgniter.php(354): CodeIgniter\CodeIgniter->handleRequest(null, Object(Config\Cache), false)
10 SYSTEMPATH\Boot.php(363): CodeIgniter\CodeIgniter->run()
11 SYSTEMPATH\Boot.php(68): CodeIgniter\Boot::runCodeIgniter(Object(CodeIgniter\CodeIgniter))
12 FCPATH\index.php(59): CodeIgniter\Boot::bootWeb(Object(Config\Paths))
CRITICAL - 2025-10-07 08:47:41 --> ErrorException: Undefined array key 0
[Method: GET, Route: shop/MA]
in APPPATH\Views\frontend\productbtn.php on line 5.
 1 APPPATH\Views\frontend\productbtn.php(5): CodeIgniter\Debug\Exceptions->errorHandler(2, 'Undefined array key 0', 'C:\\xampp\\htdocs\\ZayraKart\\app\\Views\\frontend\\productbtn.php', 5)
 2 APPPATH\Views\frontend\shop.php(31): include('C:\\xampp\\htdocs\\ZayraKart\\app\\Views\\frontend\\productbtn.php')
 3 SYSTEMPATH\View\View.php(226): include('C:\\xampp\\htdocs\\ZayraKart\\app\\Views\\frontend\\shop.php')
 4 SYSTEMPATH\View\View.php(229): CodeIgniter\View\View->CodeIgniter\View\{closure}()
 5 SYSTEMPATH\Common.php(1167): CodeIgniter\View\View->render('frontend/shop', [], true)
 6 APPPATH\Controllers\Home.php(44): view('frontend/shop', [...])
 7 SYSTEMPATH\CodeIgniter.php(933): App\Controllers\Home->shop('0')
 8 SYSTEMPATH\CodeIgniter.php(507): CodeIgniter\CodeIgniter->runController(Object(App\Controllers\Home))
 9 SYSTEMPATH\CodeIgniter.php(354): CodeIgniter\CodeIgniter->handleRequest(null, Object(Config\Cache), false)
10 SYSTEMPATH\Boot.php(363): CodeIgniter\CodeIgniter->run()
11 SYSTEMPATH\Boot.php(68): CodeIgniter\Boot::runCodeIgniter(Object(CodeIgniter\CodeIgniter))
12 FCPATH\index.php(59): CodeIgniter\Boot::bootWeb(Object(Config\Paths))
CRITICAL - 2025-10-07 08:50:30 --> ErrorException: Undefined array key 0
[Method: GET, Route: /]
in APPPATH\Views\frontend\index.php on line 65.
 1 APPPATH\Views\frontend\index.php(65): CodeIgniter\Debug\Exceptions->errorHandler(2, 'Undefined array key 0', 'C:\\xampp\\htdocs\\ZayraKart\\app\\Views\\frontend\\index.php', 65)
 2 SYSTEMPATH\View\View.php(226): include('C:\\xampp\\htdocs\\ZayraKart\\app\\Views\\frontend\\index.php')
 3 SYSTEMPATH\View\View.php(229): CodeIgniter\View\View->CodeIgniter\View\{closure}()
 4 SYSTEMPATH\Common.php(1167): CodeIgniter\View\View->render('frontend/index', [], true)
 5 APPPATH\Controllers\Home.php(25): view('frontend/index', [...])
 6 SYSTEMPATH\CodeIgniter.php(933): App\Controllers\Home->index()
 7 SYSTEMPATH\CodeIgniter.php(507): CodeIgniter\CodeIgniter->runController(Object(App\Controllers\Home))
 8 SYSTEMPATH\CodeIgniter.php(354): CodeIgniter\CodeIgniter->handleRequest(null, Object(Config\Cache), false)
 9 SYSTEMPATH\Boot.php(363): CodeIgniter\CodeIgniter->run()
10 SYSTEMPATH\Boot.php(68): CodeIgniter\Boot::runCodeIgniter(Object(CodeIgniter\CodeIgniter))
11 FCPATH\index.php(59): CodeIgniter\Boot::bootWeb(Object(Config\Paths))
CRITICAL - 2025-10-07 08:50:47 --> ErrorException: Undefined variable $product
[Method: GET, Route: /]
in APPPATH\Views\frontend\productbtn.php on line 5.
 1 APPPATH\Views\frontend\productbtn.php(5): CodeIgniter\Debug\Exceptions->errorHandler(2, 'Undefined variable $product', 'C:\\xampp\\htdocs\\ZayraKart\\app\\Views\\frontend\\productbtn.php', 5)
 2 APPPATH\Views\frontend\index.php(74): include('C:\\xampp\\htdocs\\ZayraKart\\app\\Views\\frontend\\productbtn.php')
 3 SYSTEMPATH\View\View.php(226): include('C:\\xampp\\htdocs\\ZayraKart\\app\\Views\\frontend\\index.php')
 4 SYSTEMPATH\View\View.php(229): CodeIgniter\View\View->CodeIgniter\View\{closure}()
 5 SYSTEMPATH\Common.php(1167): CodeIgniter\View\View->render('frontend/index', [], true)
 6 APPPATH\Controllers\Home.php(25): view('frontend/index', [...])
 7 SYSTEMPATH\CodeIgniter.php(933): App\Controllers\Home->index()
 8 SYSTEMPATH\CodeIgniter.php(507): CodeIgniter\CodeIgniter->runController(Object(App\Controllers\Home))
 9 SYSTEMPATH\CodeIgniter.php(354): CodeIgniter\CodeIgniter->handleRequest(null, Object(Config\Cache), false)
10 SYSTEMPATH\Boot.php(363): CodeIgniter\CodeIgniter->run()
11 SYSTEMPATH\Boot.php(68): CodeIgniter\Boot::runCodeIgniter(Object(CodeIgniter\CodeIgniter))
12 FCPATH\index.php(59): CodeIgniter\Boot::bootWeb(Object(Config\Paths))
ERROR - 2025-10-07 09:40:38 --> mysqli_sql_exception: Table 'zayrakart.articles' doesn't exist in C:\xampp\htdocs\ZayraKart\system\Database\MySQLi\Connection.php:327
Stack trace:
#0 C:\xampp\htdocs\ZayraKart\system\Database\MySQLi\Connection.php(327): mysqli->query('SELECT *\nFROM `...', 0)
#1 C:\xampp\htdocs\ZayraKart\system\Database\BaseConnection.php(729): CodeIgniter\Database\MySQLi\Connection->execute('SELECT *\nFROM `...')
#2 C:\xampp\htdocs\ZayraKart\system\Database\BaseConnection.php(646): CodeIgniter\Database\BaseConnection->simpleQuery('SELECT *\nFROM `...')
#3 C:\xampp\htdocs\ZayraKart\system\Database\BaseBuilder.php(1649): CodeIgniter\Database\BaseConnection->query('SELECT *\nFROM `...', Array, false)
#4 C:\xampp\htdocs\ZayraKart\app\Models\CommonModel.php(39): CodeIgniter\Database\BaseBuilder->get()
#5 C:\xampp\htdocs\ZayraKart\app\Controllers\Admin.php(14): App\Models\CommonModel->getAllData('articles', Array, Array, 3)
#6 C:\xampp\htdocs\ZayraKart\system\CodeIgniter.php(933): App\Controllers\Admin->dashboard()
#7 C:\xampp\htdocs\ZayraKart\system\CodeIgniter.php(507): CodeIgniter\CodeIgniter->runController(Object(App\Controllers\Admin))
#8 C:\xampp\htdocs\ZayraKart\system\CodeIgniter.php(354): CodeIgniter\CodeIgniter->handleRequest(NULL, Object(Config\Cache), false)
#9 C:\xampp\htdocs\ZayraKart\system\Boot.php(363): CodeIgniter\CodeIgniter->run()
#10 C:\xampp\htdocs\ZayraKart\system\Boot.php(68): CodeIgniter\Boot::runCodeIgniter(Object(CodeIgniter\CodeIgniter))
#11 C:\xampp\htdocs\ZayraKart\index.php(59): CodeIgniter\Boot::bootWeb(Object(Config\Paths))
#12 {main}
CRITICAL - 2025-10-07 09:40:38 --> CodeIgniter\Database\Exceptions\DatabaseException: Table 'zayrakart.articles' doesn't exist
[Method: GET, Route: admin/dashboard]
in SYSTEMPATH\Database\BaseConnection.php on line 684.
 1 SYSTEMPATH\Database\BaseBuilder.php(1649): CodeIgniter\Database\BaseConnection->query('SELECT *
FROM `articles`
ORDER BY `id` DESC
 LIMIT 3', [], false)
 2 APPPATH\Models\CommonModel.php(39): CodeIgniter\Database\BaseBuilder->get()
 3 APPPATH\Controllers\Admin.php(14): App\Models\CommonModel->getAllData('articles', [], [...], 3)
 4 SYSTEMPATH\CodeIgniter.php(933): App\Controllers\Admin->dashboard()
 5 SYSTEMPATH\CodeIgniter.php(507): CodeIgniter\CodeIgniter->runController(Object(App\Controllers\Admin))
 6 SYSTEMPATH\CodeIgniter.php(354): CodeIgniter\CodeIgniter->handleRequest(null, Object(Config\Cache), false)
 7 SYSTEMPATH\Boot.php(363): CodeIgniter\CodeIgniter->run()
 8 SYSTEMPATH\Boot.php(68): CodeIgniter\Boot::runCodeIgniter(Object(CodeIgniter\CodeIgniter))
 9 FCPATH\index.php(59): CodeIgniter\Boot::bootWeb(Object(Config\Paths))
CRITICAL - 2025-10-07 09:40:38 --> [Caused by] CodeIgniter\Database\Exceptions\DatabaseException: Table 'zayrakart.articles' doesn't exist
in SYSTEMPATH\Database\MySQLi\Connection.php on line 332.
 1 SYSTEMPATH\Database\BaseConnection.php(729): CodeIgniter\Database\MySQLi\Connection->execute('SELECT *
FROM `articles`
ORDER BY `id` DESC
 LIMIT 3')
 2 SYSTEMPATH\Database\BaseConnection.php(646): CodeIgniter\Database\BaseConnection->simpleQuery('SELECT *
FROM `articles`
ORDER BY `id` DESC
 LIMIT 3')
 3 SYSTEMPATH\Database\BaseBuilder.php(1649): CodeIgniter\Database\BaseConnection->query('SELECT *
FROM `articles`
ORDER BY `id` DESC
 LIMIT 3', [], false)
 4 APPPATH\Models\CommonModel.php(39): CodeIgniter\Database\BaseBuilder->get()
 5 APPPATH\Controllers\Admin.php(14): App\Models\CommonModel->getAllData('articles', [], [...], 3)
 6 SYSTEMPATH\CodeIgniter.php(933): App\Controllers\Admin->dashboard()
 7 SYSTEMPATH\CodeIgniter.php(507): CodeIgniter\CodeIgniter->runController(Object(App\Controllers\Admin))
 8 SYSTEMPATH\CodeIgniter.php(354): CodeIgniter\CodeIgniter->handleRequest(null, Object(Config\Cache), false)
 9 SYSTEMPATH\Boot.php(363): CodeIgniter\CodeIgniter->run()
10 SYSTEMPATH\Boot.php(68): CodeIgniter\Boot::runCodeIgniter(Object(CodeIgniter\CodeIgniter))
11 FCPATH\index.php(59): CodeIgniter\Boot::bootWeb(Object(Config\Paths))
CRITICAL - 2025-10-07 09:40:38 --> [Caused by] mysqli_sql_exception: Table 'zayrakart.articles' doesn't exist
in SYSTEMPATH\Database\MySQLi\Connection.php on line 327.
 1 SYSTEMPATH\Database\MySQLi\Connection.php(327): mysqli->query('SELECT *
FROM `articles`
ORDER BY `id` DESC
 LIMIT 3', 0)
 2 SYSTEMPATH\Database\BaseConnection.php(729): CodeIgniter\Database\MySQLi\Connection->execute('SELECT *
FROM `articles`
ORDER BY `id` DESC
 LIMIT 3')
 3 SYSTEMPATH\Database\BaseConnection.php(646): CodeIgniter\Database\BaseConnection->simpleQuery('SELECT *
FROM `articles`
ORDER BY `id` DESC
 LIMIT 3')
 4 SYSTEMPATH\Database\BaseBuilder.php(1649): CodeIgniter\Database\BaseConnection->query('SELECT *
FROM `articles`
ORDER BY `id` DESC
 LIMIT 3', [], false)
 5 APPPATH\Models\CommonModel.php(39): CodeIgniter\Database\BaseBuilder->get()
 6 APPPATH\Controllers\Admin.php(14): App\Models\CommonModel->getAllData('articles', [], [...], 3)
 7 SYSTEMPATH\CodeIgniter.php(933): App\Controllers\Admin->dashboard()
 8 SYSTEMPATH\CodeIgniter.php(507): CodeIgniter\CodeIgniter->runController(Object(App\Controllers\Admin))
 9 SYSTEMPATH\CodeIgniter.php(354): CodeIgniter\CodeIgniter->handleRequest(null, Object(Config\Cache), false)
10 SYSTEMPATH\Boot.php(363): CodeIgniter\CodeIgniter->run()
11 SYSTEMPATH\Boot.php(68): CodeIgniter\Boot::runCodeIgniter(Object(CodeIgniter\CodeIgniter))
12 FCPATH\index.php(59): CodeIgniter\Boot::bootWeb(Object(Config\Paths))
ERROR - 2025-10-07 09:43:16 --> mysqli_sql_exception: Table 'zayrakart.articles' doesn't exist in C:\xampp\htdocs\ZayraKart\system\Database\MySQLi\Connection.php:327
Stack trace:
#0 C:\xampp\htdocs\ZayraKart\system\Database\MySQLi\Connection.php(327): mysqli->query('SELECT *\nFROM `...', 0)
#1 C:\xampp\htdocs\ZayraKart\system\Database\BaseConnection.php(729): CodeIgniter\Database\MySQLi\Connection->execute('SELECT *\nFROM `...')
#2 C:\xampp\htdocs\ZayraKart\system\Database\BaseConnection.php(646): CodeIgniter\Database\BaseConnection->simpleQuery('SELECT *\nFROM `...')
#3 C:\xampp\htdocs\ZayraKart\system\Database\BaseBuilder.php(1649): CodeIgniter\Database\BaseConnection->query('SELECT *\nFROM `...', Array, false)
#4 C:\xampp\htdocs\ZayraKart\app\Models\CommonModel.php(39): CodeIgniter\Database\BaseBuilder->get()
#5 C:\xampp\htdocs\ZayraKart\app\Controllers\Admin.php(15): App\Models\CommonModel->getAllData('articles')
#6 C:\xampp\htdocs\ZayraKart\system\CodeIgniter.php(933): App\Controllers\Admin->dashboard()
#7 C:\xampp\htdocs\ZayraKart\system\CodeIgniter.php(507): CodeIgniter\CodeIgniter->runController(Object(App\Controllers\Admin))
#8 C:\xampp\htdocs\ZayraKart\system\CodeIgniter.php(354): CodeIgniter\CodeIgniter->handleRequest(NULL, Object(Config\Cache), false)
#9 C:\xampp\htdocs\ZayraKart\system\Boot.php(363): CodeIgniter\CodeIgniter->run()
#10 C:\xampp\htdocs\ZayraKart\system\Boot.php(68): CodeIgniter\Boot::runCodeIgniter(Object(CodeIgniter\CodeIgniter))
#11 C:\xampp\htdocs\ZayraKart\index.php(59): CodeIgniter\Boot::bootWeb(Object(Config\Paths))
#12 {main}
CRITICAL - 2025-10-07 09:43:16 --> CodeIgniter\Database\Exceptions\DatabaseException: Table 'zayrakart.articles' doesn't exist
[Method: GET, Route: admin/dashboard]
in SYSTEMPATH\Database\BaseConnection.php on line 684.
 1 SYSTEMPATH\Database\BaseBuilder.php(1649): CodeIgniter\Database\BaseConnection->query('SELECT *
FROM `articles`', [], false)
 2 APPPATH\Models\CommonModel.php(39): CodeIgniter\Database\BaseBuilder->get()
 3 APPPATH\Controllers\Admin.php(15): App\Models\CommonModel->getAllData('articles')
 4 SYSTEMPATH\CodeIgniter.php(933): App\Controllers\Admin->dashboard()
 5 SYSTEMPATH\CodeIgniter.php(507): CodeIgniter\CodeIgniter->runController(Object(App\Controllers\Admin))
 6 SYSTEMPATH\CodeIgniter.php(354): CodeIgniter\CodeIgniter->handleRequest(null, Object(Config\Cache), false)
 7 SYSTEMPATH\Boot.php(363): CodeIgniter\CodeIgniter->run()
 8 SYSTEMPATH\Boot.php(68): CodeIgniter\Boot::runCodeIgniter(Object(CodeIgniter\CodeIgniter))
 9 FCPATH\index.php(59): CodeIgniter\Boot::bootWeb(Object(Config\Paths))
CRITICAL - 2025-10-07 09:43:16 --> [Caused by] CodeIgniter\Database\Exceptions\DatabaseException: Table 'zayrakart.articles' doesn't exist
in SYSTEMPATH\Database\MySQLi\Connection.php on line 332.
 1 SYSTEMPATH\Database\BaseConnection.php(729): CodeIgniter\Database\MySQLi\Connection->execute('SELECT *
FROM `articles`')
 2 SYSTEMPATH\Database\BaseConnection.php(646): CodeIgniter\Database\BaseConnection->simpleQuery('SELECT *
FROM `articles`')
 3 SYSTEMPATH\Database\BaseBuilder.php(1649): CodeIgniter\Database\BaseConnection->query('SELECT *
FROM `articles`', [], false)
 4 APPPATH\Models\CommonModel.php(39): CodeIgniter\Database\BaseBuilder->get()
 5 APPPATH\Controllers\Admin.php(15): App\Models\CommonModel->getAllData('articles')
 6 SYSTEMPATH\CodeIgniter.php(933): App\Controllers\Admin->dashboard()
 7 SYSTEMPATH\CodeIgniter.php(507): CodeIgniter\CodeIgniter->runController(Object(App\Controllers\Admin))
 8 SYSTEMPATH\CodeIgniter.php(354): CodeIgniter\CodeIgniter->handleRequest(null, Object(Config\Cache), false)
 9 SYSTEMPATH\Boot.php(363): CodeIgniter\CodeIgniter->run()
10 SYSTEMPATH\Boot.php(68): CodeIgniter\Boot::runCodeIgniter(Object(CodeIgniter\CodeIgniter))
11 FCPATH\index.php(59): CodeIgniter\Boot::bootWeb(Object(Config\Paths))
CRITICAL - 2025-10-07 09:43:16 --> [Caused by] mysqli_sql_exception: Table 'zayrakart.articles' doesn't exist
in SYSTEMPATH\Database\MySQLi\Connection.php on line 327.
 1 SYSTEMPATH\Database\MySQLi\Connection.php(327): mysqli->query('SELECT *
FROM `articles`', 0)
 2 SYSTEMPATH\Database\BaseConnection.php(729): CodeIgniter\Database\MySQLi\Connection->execute('SELECT *
FROM `articles`')
 3 SYSTEMPATH\Database\BaseConnection.php(646): CodeIgniter\Database\BaseConnection->simpleQuery('SELECT *
FROM `articles`')
 4 SYSTEMPATH\Database\BaseBuilder.php(1649): CodeIgniter\Database\BaseConnection->query('SELECT *
FROM `articles`', [], false)
 5 APPPATH\Models\CommonModel.php(39): CodeIgniter\Database\BaseBuilder->get()
 6 APPPATH\Controllers\Admin.php(15): App\Models\CommonModel->getAllData('articles')
 7 SYSTEMPATH\CodeIgniter.php(933): App\Controllers\Admin->dashboard()
 8 SYSTEMPATH\CodeIgniter.php(507): CodeIgniter\CodeIgniter->runController(Object(App\Controllers\Admin))
 9 SYSTEMPATH\CodeIgniter.php(354): CodeIgniter\CodeIgniter->handleRequest(null, Object(Config\Cache), false)
10 SYSTEMPATH\Boot.php(363): CodeIgniter\CodeIgniter->run()
11 SYSTEMPATH\Boot.php(68): CodeIgniter\Boot::runCodeIgniter(Object(CodeIgniter\CodeIgniter))
12 FCPATH\index.php(59): CodeIgniter\Boot::bootWeb(Object(Config\Paths))
CRITICAL - 2025-10-07 09:43:25 --> ErrorException: Undefined array key "title"
[Method: GET, Route: admin/dashboard]
in APPPATH\Views\backend\dashboard.php on line 71.
 1 APPPATH\Views\backend\dashboard.php(71): CodeIgniter\Debug\Exceptions->errorHandler(2, 'Undefined array key "title"', 'C:\\xampp\\htdocs\\ZayraKart\\app\\Views\\backend\\dashboard.php', 71)
 2 SYSTEMPATH\View\View.php(226): include('C:\\xampp\\htdocs\\ZayraKart\\app\\Views\\backend\\dashboard.php')
 3 SYSTEMPATH\View\View.php(229): CodeIgniter\View\View->CodeIgniter\View\{closure}()
 4 SYSTEMPATH\Common.php(1167): CodeIgniter\View\View->render('backend/dashboard', [], true)
 5 APPPATH\Controllers\Admin.php(27): view('backend/dashboard', [...])
 6 SYSTEMPATH\CodeIgniter.php(933): App\Controllers\Admin->dashboard()
 7 SYSTEMPATH\CodeIgniter.php(507): CodeIgniter\CodeIgniter->runController(Object(App\Controllers\Admin))
 8 SYSTEMPATH\CodeIgniter.php(354): CodeIgniter\CodeIgniter->handleRequest(null, Object(Config\Cache), false)
 9 SYSTEMPATH\Boot.php(363): CodeIgniter\CodeIgniter->run()
10 SYSTEMPATH\Boot.php(68): CodeIgniter\Boot::runCodeIgniter(Object(CodeIgniter\CodeIgniter))
11 FCPATH\index.php(59): CodeIgniter\Boot::bootWeb(Object(Config\Paths))
ERROR - 2025-10-07 09:44:23 --> mysqli_sql_exception: Table 'zayrakart.articles' doesn't exist in C:\xampp\htdocs\ZayraKart\system\Database\MySQLi\Connection.php:327
Stack trace:
#0 C:\xampp\htdocs\ZayraKart\system\Database\MySQLi\Connection.php(327): mysqli->query('SELECT *\nFROM `...', 0)
#1 C:\xampp\htdocs\ZayraKart\system\Database\BaseConnection.php(729): CodeIgniter\Database\MySQLi\Connection->execute('SELECT *\nFROM `...')
#2 C:\xampp\htdocs\ZayraKart\system\Database\BaseConnection.php(646): CodeIgniter\Database\BaseConnection->simpleQuery('SELECT *\nFROM `...')
#3 C:\xampp\htdocs\ZayraKart\system\Database\BaseBuilder.php(1649): CodeIgniter\Database\BaseConnection->query('SELECT *\nFROM `...', Array, false)
#4 C:\xampp\htdocs\ZayraKart\app\Models\CommonModel.php(39): CodeIgniter\Database\BaseBuilder->get()
#5 C:\xampp\htdocs\ZayraKart\app\Controllers\Admin.php(14): App\Models\CommonModel->getAllData('articles', Array, Array, 3)
#6 C:\xampp\htdocs\ZayraKart\system\CodeIgniter.php(933): App\Controllers\Admin->dashboard()
#7 C:\xampp\htdocs\ZayraKart\system\CodeIgniter.php(507): CodeIgniter\CodeIgniter->runController(Object(App\Controllers\Admin))
#8 C:\xampp\htdocs\ZayraKart\system\CodeIgniter.php(354): CodeIgniter\CodeIgniter->handleRequest(NULL, Object(Config\Cache), false)
#9 C:\xampp\htdocs\ZayraKart\system\Boot.php(363): CodeIgniter\CodeIgniter->run()
#10 C:\xampp\htdocs\ZayraKart\system\Boot.php(68): CodeIgniter\Boot::runCodeIgniter(Object(CodeIgniter\CodeIgniter))
#11 C:\xampp\htdocs\ZayraKart\index.php(59): CodeIgniter\Boot::bootWeb(Object(Config\Paths))
#12 {main}
CRITICAL - 2025-10-07 09:44:23 --> CodeIgniter\Database\Exceptions\DatabaseException: Table 'zayrakart.articles' doesn't exist
[Method: GET, Route: admin/dashboard]
in SYSTEMPATH\Database\BaseConnection.php on line 684.
 1 SYSTEMPATH\Database\BaseBuilder.php(1649): CodeIgniter\Database\BaseConnection->query('SELECT *
FROM `articles`
ORDER BY `id` DESC
 LIMIT 3', [], false)
 2 APPPATH\Models\CommonModel.php(39): CodeIgniter\Database\BaseBuilder->get()
 3 APPPATH\Controllers\Admin.php(14): App\Models\CommonModel->getAllData('articles', [], [...], 3)
 4 SYSTEMPATH\CodeIgniter.php(933): App\Controllers\Admin->dashboard()
 5 SYSTEMPATH\CodeIgniter.php(507): CodeIgniter\CodeIgniter->runController(Object(App\Controllers\Admin))
 6 SYSTEMPATH\CodeIgniter.php(354): CodeIgniter\CodeIgniter->handleRequest(null, Object(Config\Cache), false)
 7 SYSTEMPATH\Boot.php(363): CodeIgniter\CodeIgniter->run()
 8 SYSTEMPATH\Boot.php(68): CodeIgniter\Boot::runCodeIgniter(Object(CodeIgniter\CodeIgniter))
 9 FCPATH\index.php(59): CodeIgniter\Boot::bootWeb(Object(Config\Paths))
CRITICAL - 2025-10-07 09:44:23 --> [Caused by] CodeIgniter\Database\Exceptions\DatabaseException: Table 'zayrakart.articles' doesn't exist
in SYSTEMPATH\Database\MySQLi\Connection.php on line 332.
 1 SYSTEMPATH\Database\BaseConnection.php(729): CodeIgniter\Database\MySQLi\Connection->execute('SELECT *
FROM `articles`
ORDER BY `id` DESC
 LIMIT 3')
 2 SYSTEMPATH\Database\BaseConnection.php(646): CodeIgniter\Database\BaseConnection->simpleQuery('SELECT *
FROM `articles`
ORDER BY `id` DESC
 LIMIT 3')
 3 SYSTEMPATH\Database\BaseBuilder.php(1649): CodeIgniter\Database\BaseConnection->query('SELECT *
FROM `articles`
ORDER BY `id` DESC
 LIMIT 3', [], false)
 4 APPPATH\Models\CommonModel.php(39): CodeIgniter\Database\BaseBuilder->get()
 5 APPPATH\Controllers\Admin.php(14): App\Models\CommonModel->getAllData('articles', [], [...], 3)
 6 SYSTEMPATH\CodeIgniter.php(933): App\Controllers\Admin->dashboard()
 7 SYSTEMPATH\CodeIgniter.php(507): CodeIgniter\CodeIgniter->runController(Object(App\Controllers\Admin))
 8 SYSTEMPATH\CodeIgniter.php(354): CodeIgniter\CodeIgniter->handleRequest(null, Object(Config\Cache), false)
 9 SYSTEMPATH\Boot.php(363): CodeIgniter\CodeIgniter->run()
10 SYSTEMPATH\Boot.php(68): CodeIgniter\Boot::runCodeIgniter(Object(CodeIgniter\CodeIgniter))
11 FCPATH\index.php(59): CodeIgniter\Boot::bootWeb(Object(Config\Paths))
CRITICAL - 2025-10-07 09:44:23 --> [Caused by] mysqli_sql_exception: Table 'zayrakart.articles' doesn't exist
in SYSTEMPATH\Database\MySQLi\Connection.php on line 327.
 1 SYSTEMPATH\Database\MySQLi\Connection.php(327): mysqli->query('SELECT *
FROM `articles`
ORDER BY `id` DESC
 LIMIT 3', 0)
 2 SYSTEMPATH\Database\BaseConnection.php(729): CodeIgniter\Database\MySQLi\Connection->execute('SELECT *
FROM `articles`
ORDER BY `id` DESC
 LIMIT 3')
 3 SYSTEMPATH\Database\BaseConnection.php(646): CodeIgniter\Database\BaseConnection->simpleQuery('SELECT *
FROM `articles`
ORDER BY `id` DESC
 LIMIT 3')
 4 SYSTEMPATH\Database\BaseBuilder.php(1649): CodeIgniter\Database\BaseConnection->query('SELECT *
FROM `articles`
ORDER BY `id` DESC
 LIMIT 3', [], false)
 5 APPPATH\Models\CommonModel.php(39): CodeIgniter\Database\BaseBuilder->get()
 6 APPPATH\Controllers\Admin.php(14): App\Models\CommonModel->getAllData('articles', [], [...], 3)
 7 SYSTEMPATH\CodeIgniter.php(933): App\Controllers\Admin->dashboard()
 8 SYSTEMPATH\CodeIgniter.php(507): CodeIgniter\CodeIgniter->runController(Object(App\Controllers\Admin))
 9 SYSTEMPATH\CodeIgniter.php(354): CodeIgniter\CodeIgniter->handleRequest(null, Object(Config\Cache), false)
10 SYSTEMPATH\Boot.php(363): CodeIgniter\CodeIgniter->run()
11 SYSTEMPATH\Boot.php(68): CodeIgniter\Boot::runCodeIgniter(Object(CodeIgniter\CodeIgniter))
12 FCPATH\index.php(59): CodeIgniter\Boot::bootWeb(Object(Config\Paths))
CRITICAL - 2025-10-07 09:44:44 --> CodeIgniter\View\Exceptions\ViewException: Invalid file: "backend/dashboard.php"
[Method: GET, Route: admin/dashboard]
in SYSTEMPATH\Exceptions\FrameworkException.php on line 39.
 1 SYSTEMPATH\View\View.php(214): CodeIgniter\Exceptions\FrameworkException::forInvalidFile('backend/dashboard.php')
 2 SYSTEMPATH\Common.php(1167): CodeIgniter\View\View->render('backend/dashboard', [], true)
 3 APPPATH\Controllers\Admin.php(28): view('backend/dashboard')
 4 SYSTEMPATH\CodeIgniter.php(933): App\Controllers\Admin->dashboard()
 5 SYSTEMPATH\CodeIgniter.php(507): CodeIgniter\CodeIgniter->runController(Object(App\Controllers\Admin))
 6 SYSTEMPATH\CodeIgniter.php(354): CodeIgniter\CodeIgniter->handleRequest(null, Object(Config\Cache), false)
 7 SYSTEMPATH\Boot.php(363): CodeIgniter\CodeIgniter->run()
 8 SYSTEMPATH\Boot.php(68): CodeIgniter\Boot::runCodeIgniter(Object(CodeIgniter\CodeIgniter))
 9 FCPATH\index.php(59): CodeIgniter\Boot::bootWeb(Object(Config\Paths))
CRITICAL - 2025-10-07 09:45:43 --> ErrorException: Undefined variable $conn
[Method: GET, Route: admin/dashboard]
in APPPATH\Views\backend\dashboard.php on line 5.
 1 APPPATH\Views\backend\dashboard.php(5): CodeIgniter\Debug\Exceptions->errorHandler(2, 'Undefined variable $conn', 'C:\\xampp\\htdocs\\ZayraKart\\app\\Views\\backend\\dashboard.php', 5)
 2 SYSTEMPATH\View\View.php(226): include('C:\\xampp\\htdocs\\ZayraKart\\app\\Views\\backend\\dashboard.php')
 3 SYSTEMPATH\View\View.php(229): CodeIgniter\View\View->CodeIgniter\View\{closure}()
 4 SYSTEMPATH\Common.php(1167): CodeIgniter\View\View->render('backend/dashboard', [], true)
 5 APPPATH\Controllers\Admin.php(28): view('backend/dashboard')
 6 SYSTEMPATH\CodeIgniter.php(933): App\Controllers\Admin->dashboard()
 7 SYSTEMPATH\CodeIgniter.php(507): CodeIgniter\CodeIgniter->runController(Object(App\Controllers\Admin))
 8 SYSTEMPATH\CodeIgniter.php(354): CodeIgniter\CodeIgniter->handleRequest(null, Object(Config\Cache), false)
 9 SYSTEMPATH\Boot.php(363): CodeIgniter\CodeIgniter->run()
10 SYSTEMPATH\Boot.php(68): CodeIgniter\Boot::runCodeIgniter(Object(CodeIgniter\CodeIgniter))
11 FCPATH\index.php(59): CodeIgniter\Boot::bootWeb(Object(Config\Paths))
CRITICAL - 2025-10-07 09:45:58 --> ErrorException: Undefined variable $productsrow
[Method: GET, Route: admin/dashboard]
in APPPATH\Views\backend\dashboard.php on line 31.
 1 APPPATH\Views\backend\dashboard.php(31): CodeIgniter\Debug\Exceptions->errorHandler(2, 'Undefined variable $productsrow', 'C:\\xampp\\htdocs\\ZayraKart\\app\\Views\\backend\\dashboard.php', 31)
 2 SYSTEMPATH\View\View.php(226): include('C:\\xampp\\htdocs\\ZayraKart\\app\\Views\\backend\\dashboard.php')
 3 SYSTEMPATH\View\View.php(229): CodeIgniter\View\View->CodeIgniter\View\{closure}()
 4 SYSTEMPATH\Common.php(1167): CodeIgniter\View\View->render('backend/dashboard', [], true)
 5 APPPATH\Controllers\Admin.php(28): view('backend/dashboard')
 6 SYSTEMPATH\CodeIgniter.php(933): App\Controllers\Admin->dashboard()
 7 SYSTEMPATH\CodeIgniter.php(507): CodeIgniter\CodeIgniter->runController(Object(App\Controllers\Admin))
 8 SYSTEMPATH\CodeIgniter.php(354): CodeIgniter\CodeIgniter->handleRequest(null, Object(Config\Cache), false)
 9 SYSTEMPATH\Boot.php(363): CodeIgniter\CodeIgniter->run()
10 SYSTEMPATH\Boot.php(68): CodeIgniter\Boot::runCodeIgniter(Object(CodeIgniter\CodeIgniter))
11 FCPATH\index.php(59): CodeIgniter\Boot::bootWeb(Object(Config\Paths))
CRITICAL - 2025-10-07 09:46:54 --> CodeIgniter\View\Exceptions\ViewException: Invalid file: "backend/dashboard.php"
[Method: GET, Route: admin/dashboard]
in SYSTEMPATH\Exceptions\FrameworkException.php on line 39.
 1 SYSTEMPATH\View\View.php(214): CodeIgniter\Exceptions\FrameworkException::forInvalidFile('backend/dashboard.php')
 2 SYSTEMPATH\Common.php(1167): CodeIgniter\View\View->render('backend/dashboard', [], true)
 3 APPPATH\Controllers\Admin.php(28): view('backend/dashboard')
 4 SYSTEMPATH\CodeIgniter.php(933): App\Controllers\Admin->dashboard()
 5 SYSTEMPATH\CodeIgniter.php(507): CodeIgniter\CodeIgniter->runController(Object(App\Controllers\Admin))
 6 SYSTEMPATH\CodeIgniter.php(354): CodeIgniter\CodeIgniter->handleRequest(null, Object(Config\Cache), false)
 7 SYSTEMPATH\Boot.php(363): CodeIgniter\CodeIgniter->run()
 8 SYSTEMPATH\Boot.php(68): CodeIgniter\Boot::runCodeIgniter(Object(CodeIgniter\CodeIgniter))
 9 FCPATH\index.php(59): CodeIgniter\Boot::bootWeb(Object(Config\Paths))
CRITICAL - 2025-10-07 09:48:36 --> ErrorException: session_start(): Ignoring session_start() because a session is already active
[Method: GET, Route: admin/dashboard]
in APPPATH\Views\backend\include\header.php on line 3.
 1 [internal function]: CodeIgniter\Debug\Exceptions->errorHandler(8, 'session_start(): Ignoring session_start() because a session is already active', 'C:\\xampp\\htdocs\\ZayraKart\\app\\Views\\backend\\include\\header.php', 3)
 2 APPPATH\Views\backend\include\header.php(3): session_start()
 3 APPPATH\Views\backend\dashboard.php(2): include_once('C:\\xampp\\htdocs\\ZayraKart\\app\\Views\\backend\\include\\header.php')
 4 SYSTEMPATH\View\View.php(226): include('C:\\xampp\\htdocs\\ZayraKart\\app\\Views\\backend\\dashboard.php')
 5 SYSTEMPATH\View\View.php(229): CodeIgniter\View\View->CodeIgniter\View\{closure}()
 6 SYSTEMPATH\Common.php(1167): CodeIgniter\View\View->render('backend/dashboard', [], true)
 7 APPPATH\Controllers\Admin.php(28): view('backend/dashboard')
 8 SYSTEMPATH\CodeIgniter.php(933): App\Controllers\Admin->dashboard()
 9 SYSTEMPATH\CodeIgniter.php(507): CodeIgniter\CodeIgniter->runController(Object(App\Controllers\Admin))
10 SYSTEMPATH\CodeIgniter.php(354): CodeIgniter\CodeIgniter->handleRequest(null, Object(Config\Cache), false)
11 SYSTEMPATH\Boot.php(363): CodeIgniter\CodeIgniter->run()
12 SYSTEMPATH\Boot.php(68): CodeIgniter\Boot::runCodeIgniter(Object(CodeIgniter\CodeIgniter))
13 FCPATH\index.php(59): CodeIgniter\Boot::bootWeb(Object(Config\Paths))
CRITICAL - 2025-10-07 09:48:58 --> CodeIgniter\View\Exceptions\ViewException: Invalid file: "backend/login.php"
[Method: GET, Route: admin]
in SYSTEMPATH\Exceptions\FrameworkException.php on line 39.
 1 SYSTEMPATH\View\View.php(214): CodeIgniter\Exceptions\FrameworkException::forInvalidFile('backend/login.php')
 2 SYSTEMPATH\Common.php(1167): CodeIgniter\View\View->render('backend/login', [], true)
 3 APPPATH\Controllers\Admin.php(9): view('backend/login')
 4 SYSTEMPATH\CodeIgniter.php(933): App\Controllers\Admin->index()
 5 SYSTEMPATH\CodeIgniter.php(507): CodeIgniter\CodeIgniter->runController(Object(App\Controllers\Admin))
 6 SYSTEMPATH\CodeIgniter.php(354): CodeIgniter\CodeIgniter->handleRequest(null, Object(Config\Cache), false)
 7 SYSTEMPATH\Boot.php(363): CodeIgniter\CodeIgniter->run()
 8 SYSTEMPATH\Boot.php(68): CodeIgniter\Boot::runCodeIgniter(Object(CodeIgniter\CodeIgniter))
 9 FCPATH\index.php(59): CodeIgniter\Boot::bootWeb(Object(Config\Paths))
CRITICAL - 2025-10-07 09:48:59 --> CodeIgniter\View\Exceptions\ViewException: Invalid file: "backend/login.php"
[Method: GET, Route: admin]
in SYSTEMPATH\Exceptions\FrameworkException.php on line 39.
 1 SYSTEMPATH\View\View.php(214): CodeIgniter\Exceptions\FrameworkException::forInvalidFile('backend/login.php')
 2 SYSTEMPATH\Common.php(1167): CodeIgniter\View\View->render('backend/login', [], true)
 3 APPPATH\Controllers\Admin.php(9): view('backend/login')
 4 SYSTEMPATH\CodeIgniter.php(933): App\Controllers\Admin->index()
 5 SYSTEMPATH\CodeIgniter.php(507): CodeIgniter\CodeIgniter->runController(Object(App\Controllers\Admin))
 6 SYSTEMPATH\CodeIgniter.php(354): CodeIgniter\CodeIgniter->handleRequest(null, Object(Config\Cache), false)
 7 SYSTEMPATH\Boot.php(363): CodeIgniter\CodeIgniter->run()
 8 SYSTEMPATH\Boot.php(68): CodeIgniter\Boot::runCodeIgniter(Object(CodeIgniter\CodeIgniter))
 9 FCPATH\index.php(59): CodeIgniter\Boot::bootWeb(Object(Config\Paths))
CRITICAL - 2025-10-07 09:51:31 --> CodeIgniter\View\Exceptions\ViewException: Invalid file: "backend/login.php"
[Method: GET, Route: admin]
in SYSTEMPATH\Exceptions\FrameworkException.php on line 39.
 1 SYSTEMPATH\View\View.php(214): CodeIgniter\Exceptions\FrameworkException::forInvalidFile('backend/login.php')
 2 SYSTEMPATH\Common.php(1167): CodeIgniter\View\View->render('backend/login', [], true)
 3 APPPATH\Controllers\Admin.php(9): view('backend/login')
 4 SYSTEMPATH\CodeIgniter.php(933): App\Controllers\Admin->index()
 5 SYSTEMPATH\CodeIgniter.php(507): CodeIgniter\CodeIgniter->runController(Object(App\Controllers\Admin))
 6 SYSTEMPATH\CodeIgniter.php(354): CodeIgniter\CodeIgniter->handleRequest(null, Object(Config\Cache), false)
 7 SYSTEMPATH\Boot.php(363): CodeIgniter\CodeIgniter->run()
 8 SYSTEMPATH\Boot.php(68): CodeIgniter\Boot::runCodeIgniter(Object(CodeIgniter\CodeIgniter))
 9 FCPATH\index.php(59): CodeIgniter\Boot::bootWeb(Object(Config\Paths))
CRITICAL - 2025-10-07 09:51:31 --> CodeIgniter\View\Exceptions\ViewException: Invalid file: "backend/login.php"
[Method: GET, Route: admin]
in SYSTEMPATH\Exceptions\FrameworkException.php on line 39.
 1 SYSTEMPATH\View\View.php(214): CodeIgniter\Exceptions\FrameworkException::forInvalidFile('backend/login.php')
 2 SYSTEMPATH\Common.php(1167): CodeIgniter\View\View->render('backend/login', [], true)
 3 APPPATH\Controllers\Admin.php(9): view('backend/login')
 4 SYSTEMPATH\CodeIgniter.php(933): App\Controllers\Admin->index()
 5 SYSTEMPATH\CodeIgniter.php(507): CodeIgniter\CodeIgniter->runController(Object(App\Controllers\Admin))
 6 SYSTEMPATH\CodeIgniter.php(354): CodeIgniter\CodeIgniter->handleRequest(null, Object(Config\Cache), false)
 7 SYSTEMPATH\Boot.php(363): CodeIgniter\CodeIgniter->run()
 8 SYSTEMPATH\Boot.php(68): CodeIgniter\Boot::runCodeIgniter(Object(CodeIgniter\CodeIgniter))
 9 FCPATH\index.php(59): CodeIgniter\Boot::bootWeb(Object(Config\Paths))
CRITICAL - 2025-10-07 09:51:32 --> CodeIgniter\View\Exceptions\ViewException: Invalid file: "backend/login.php"
[Method: GET, Route: admin]
in SYSTEMPATH\Exceptions\FrameworkException.php on line 39.
 1 SYSTEMPATH\View\View.php(214): CodeIgniter\Exceptions\FrameworkException::forInvalidFile('backend/login.php')
 2 SYSTEMPATH\Common.php(1167): CodeIgniter\View\View->render('backend/login', [], true)
 3 APPPATH\Controllers\Admin.php(9): view('backend/login')
 4 SYSTEMPATH\CodeIgniter.php(933): App\Controllers\Admin->index()
 5 SYSTEMPATH\CodeIgniter.php(507): CodeIgniter\CodeIgniter->runController(Object(App\Controllers\Admin))
 6 SYSTEMPATH\CodeIgniter.php(354): CodeIgniter\CodeIgniter->handleRequest(null, Object(Config\Cache), false)
 7 SYSTEMPATH\Boot.php(363): CodeIgniter\CodeIgniter->run()
 8 SYSTEMPATH\Boot.php(68): CodeIgniter\Boot::runCodeIgniter(Object(CodeIgniter\CodeIgniter))
 9 FCPATH\index.php(59): CodeIgniter\Boot::bootWeb(Object(Config\Paths))
CRITICAL - 2025-10-07 09:51:47 --> ErrorException: session_start(): Ignoring session_start() because a session is already active
[Method: GET, Route: admin/dashboard]
in APPPATH\Views\backend\include\header.php on line 3.
 1 [internal function]: CodeIgniter\Debug\Exceptions->errorHandler(8, 'session_start(): Ignoring session_start() because a session is already active', 'C:\\xampp\\htdocs\\ZayraKart\\app\\Views\\backend\\include\\header.php', 3)
 2 APPPATH\Views\backend\include\header.php(3): session_start()
 3 APPPATH\Views\backend\dashboard.php(2): include_once('C:\\xampp\\htdocs\\ZayraKart\\app\\Views\\backend\\include\\header.php')
 4 SYSTEMPATH\View\View.php(226): include('C:\\xampp\\htdocs\\ZayraKart\\app\\Views\\backend\\dashboard.php')
 5 SYSTEMPATH\View\View.php(229): CodeIgniter\View\View->CodeIgniter\View\{closure}()
 6 SYSTEMPATH\Common.php(1167): CodeIgniter\View\View->render('backend/dashboard', [], true)
 7 APPPATH\Controllers\Admin.php(28): view('backend/dashboard')
 8 SYSTEMPATH\CodeIgniter.php(933): App\Controllers\Admin->dashboard()
 9 SYSTEMPATH\CodeIgniter.php(507): CodeIgniter\CodeIgniter->runController(Object(App\Controllers\Admin))
10 SYSTEMPATH\CodeIgniter.php(354): CodeIgniter\CodeIgniter->handleRequest(null, Object(Config\Cache), false)
11 SYSTEMPATH\Boot.php(363): CodeIgniter\CodeIgniter->run()
12 SYSTEMPATH\Boot.php(68): CodeIgniter\Boot::runCodeIgniter(Object(CodeIgniter\CodeIgniter))
13 FCPATH\index.php(59): CodeIgniter\Boot::bootWeb(Object(Config\Paths))
CRITICAL - 2025-10-07 09:52:30 --> ErrorException: Undefined variable $conn
[Method: GET, Route: admin/dashboard]
in APPPATH\Views\backend\dashboard.php on line 5.
 1 APPPATH\Views\backend\dashboard.php(5): CodeIgniter\Debug\Exceptions->errorHandler(2, 'Undefined variable $conn', 'C:\\xampp\\htdocs\\ZayraKart\\app\\Views\\backend\\dashboard.php', 5)
 2 SYSTEMPATH\View\View.php(226): include('C:\\xampp\\htdocs\\ZayraKart\\app\\Views\\backend\\dashboard.php')
 3 SYSTEMPATH\View\View.php(229): CodeIgniter\View\View->CodeIgniter\View\{closure}()
 4 SYSTEMPATH\Common.php(1167): CodeIgniter\View\View->render('backend/dashboard', [], true)
 5 APPPATH\Controllers\Admin.php(28): view('backend/dashboard')
 6 SYSTEMPATH\CodeIgniter.php(933): App\Controllers\Admin->dashboard()
 7 SYSTEMPATH\CodeIgniter.php(507): CodeIgniter\CodeIgniter->runController(Object(App\Controllers\Admin))
 8 SYSTEMPATH\CodeIgniter.php(354): CodeIgniter\CodeIgniter->handleRequest(null, Object(Config\Cache), false)
 9 SYSTEMPATH\Boot.php(363): CodeIgniter\CodeIgniter->run()
10 SYSTEMPATH\Boot.php(68): CodeIgniter\Boot::runCodeIgniter(Object(CodeIgniter\CodeIgniter))
11 FCPATH\index.php(59): CodeIgniter\Boot::bootWeb(Object(Config\Paths))
CRITICAL - 2025-10-07 09:52:59 --> ErrorException: Undefined variable $conn
[Method: GET, Route: admin/dashboard]
in APPPATH\Views\backend\dashboard.php on line 5.
 1 APPPATH\Views\backend\dashboard.php(5): CodeIgniter\Debug\Exceptions->errorHandler(2, 'Undefined variable $conn', 'C:\\xampp\\htdocs\\ZayraKart\\app\\Views\\backend\\dashboard.php', 5)
 2 SYSTEMPATH\View\View.php(226): include('C:\\xampp\\htdocs\\ZayraKart\\app\\Views\\backend\\dashboard.php')
 3 SYSTEMPATH\View\View.php(229): CodeIgniter\View\View->CodeIgniter\View\{closure}()
 4 SYSTEMPATH\Common.php(1167): CodeIgniter\View\View->render('backend/dashboard', [], true)
 5 APPPATH\Controllers\Admin.php(28): view('backend/dashboard')
 6 SYSTEMPATH\CodeIgniter.php(933): App\Controllers\Admin->dashboard()
 7 SYSTEMPATH\CodeIgniter.php(507): CodeIgniter\CodeIgniter->runController(Object(App\Controllers\Admin))
 8 SYSTEMPATH\CodeIgniter.php(354): CodeIgniter\CodeIgniter->handleRequest(null, Object(Config\Cache), false)
 9 SYSTEMPATH\Boot.php(363): CodeIgniter\CodeIgniter->run()
10 SYSTEMPATH\Boot.php(68): CodeIgniter\Boot::runCodeIgniter(Object(CodeIgniter\CodeIgniter))
11 FCPATH\index.php(59): CodeIgniter\Boot::bootWeb(Object(Config\Paths))
CRITICAL - 2025-10-07 09:53:22 --> ErrorException: Undefined array key "loginimage"
[Method: GET, Route: admin/dashboard]
in APPPATH\Views\backend\include\head.php on line 8.
 1 APPPATH\Views\backend\include\head.php(8): CodeIgniter\Debug\Exceptions->errorHandler(2, 'Undefined array key "loginimage"', 'C:\\xampp\\htdocs\\ZayraKart\\app\\Views\\backend\\include\\head.php', 8)
 2 APPPATH\Views\backend\dashboard.php(24): include_once('C:\\xampp\\htdocs\\ZayraKart\\app\\Views\\backend\\include\\head.php')
 3 SYSTEMPATH\View\View.php(226): include('C:\\xampp\\htdocs\\ZayraKart\\app\\Views\\backend\\dashboard.php')
 4 SYSTEMPATH\View\View.php(229): CodeIgniter\View\View->CodeIgniter\View\{closure}()
 5 SYSTEMPATH\Common.php(1167): CodeIgniter\View\View->render('backend/dashboard', [], true)
 6 APPPATH\Controllers\Admin.php(28): view('backend/dashboard')
 7 SYSTEMPATH\CodeIgniter.php(933): App\Controllers\Admin->dashboard()
 8 SYSTEMPATH\CodeIgniter.php(507): CodeIgniter\CodeIgniter->runController(Object(App\Controllers\Admin))
 9 SYSTEMPATH\CodeIgniter.php(354): CodeIgniter\CodeIgniter->handleRequest(null, Object(Config\Cache), false)
10 SYSTEMPATH\Boot.php(363): CodeIgniter\CodeIgniter->run()
11 SYSTEMPATH\Boot.php(68): CodeIgniter\Boot::runCodeIgniter(Object(CodeIgniter\CodeIgniter))
12 FCPATH\index.php(59): CodeIgniter\Boot::bootWeb(Object(Config\Paths))
CRITICAL - 2025-10-07 09:55:16 --> ErrorException: Undefined array key "loginname"
[Method: GET, Route: admin/dashboard]
in APPPATH\Views\backend\include\head.php on line 17.
 1 APPPATH\Views\backend\include\head.php(17): CodeIgniter\Debug\Exceptions->errorHandler(2, 'Undefined array key "loginname"', 'C:\\xampp\\htdocs\\ZayraKart\\app\\Views\\backend\\include\\head.php', 17)
 2 APPPATH\Views\backend\dashboard.php(11): include_once('C:\\xampp\\htdocs\\ZayraKart\\app\\Views\\backend\\include\\head.php')
 3 SYSTEMPATH\View\View.php(226): include('C:\\xampp\\htdocs\\ZayraKart\\app\\Views\\backend\\dashboard.php')
 4 SYSTEMPATH\View\View.php(229): CodeIgniter\View\View->CodeIgniter\View\{closure}()
 5 SYSTEMPATH\Common.php(1167): CodeIgniter\View\View->render('backend/dashboard', [], true)
 6 APPPATH\Controllers\Admin.php(28): view('backend/dashboard')
 7 SYSTEMPATH\CodeIgniter.php(933): App\Controllers\Admin->dashboard()
 8 SYSTEMPATH\CodeIgniter.php(507): CodeIgniter\CodeIgniter->runController(Object(App\Controllers\Admin))
 9 SYSTEMPATH\CodeIgniter.php(354): CodeIgniter\CodeIgniter->handleRequest(null, Object(Config\Cache), false)
10 SYSTEMPATH\Boot.php(363): CodeIgniter\CodeIgniter->run()
11 SYSTEMPATH\Boot.php(68): CodeIgniter\Boot::runCodeIgniter(Object(CodeIgniter\CodeIgniter))
12 FCPATH\index.php(59): CodeIgniter\Boot::bootWeb(Object(Config\Paths))
CRITICAL - 2025-10-07 10:11:36 --> ErrorException: Undefined array key "loginid"
[Method: GET, Route: admin/setting]
in APPPATH\Views\backend\setting.php on line 14.
 1 APPPATH\Views\backend\setting.php(14): CodeIgniter\Debug\Exceptions->errorHandler(2, 'Undefined array key "loginid"', 'C:\\xampp\\htdocs\\ZayraKart\\app\\Views\\backend\\setting.php', 14)
 2 SYSTEMPATH\View\View.php(226): include('C:\\xampp\\htdocs\\ZayraKart\\app\\Views\\backend\\setting.php')
 3 SYSTEMPATH\View\View.php(229): CodeIgniter\View\View->CodeIgniter\View\{closure}()
 4 SYSTEMPATH\Common.php(1167): CodeIgniter\View\View->render('backend/setting', [], true)
 5 APPPATH\Controllers\Admin.php(325): view('backend/setting', [...])
 6 SYSTEMPATH\CodeIgniter.php(933): App\Controllers\Admin->setting()
 7 SYSTEMPATH\CodeIgniter.php(507): CodeIgniter\CodeIgniter->runController(Object(App\Controllers\Admin))
 8 SYSTEMPATH\CodeIgniter.php(354): CodeIgniter\CodeIgniter->handleRequest(null, Object(Config\Cache), false)
 9 SYSTEMPATH\Boot.php(363): CodeIgniter\CodeIgniter->run()
10 SYSTEMPATH\Boot.php(68): CodeIgniter\Boot::runCodeIgniter(Object(CodeIgniter\CodeIgniter))
11 FCPATH\index.php(59): CodeIgniter\Boot::bootWeb(Object(Config\Paths))
CRITICAL - 2025-10-07 10:13:06 --> ErrorException: Undefined array key "image"
[Method: GET, Route: admin/setting]
in APPPATH\Views\backend\setting.php on line 22.
 1 APPPATH\Views\backend\setting.php(22): CodeIgniter\Debug\Exceptions->errorHandler(2, 'Undefined array key "image"', 'C:\\xampp\\htdocs\\ZayraKart\\app\\Views\\backend\\setting.php', 22)
 2 SYSTEMPATH\View\View.php(226): include('C:\\xampp\\htdocs\\ZayraKart\\app\\Views\\backend\\setting.php')
 3 SYSTEMPATH\View\View.php(229): CodeIgniter\View\View->CodeIgniter\View\{closure}()
 4 SYSTEMPATH\Common.php(1167): CodeIgniter\View\View->render('backend/setting', [], true)
 5 APPPATH\Controllers\Admin.php(325): view('backend/setting', [...])
 6 SYSTEMPATH\CodeIgniter.php(933): App\Controllers\Admin->setting()
 7 SYSTEMPATH\CodeIgniter.php(507): CodeIgniter\CodeIgniter->runController(Object(App\Controllers\Admin))
 8 SYSTEMPATH\CodeIgniter.php(354): CodeIgniter\CodeIgniter->handleRequest(null, Object(Config\Cache), false)
 9 SYSTEMPATH\Boot.php(363): CodeIgniter\CodeIgniter->run()
10 SYSTEMPATH\Boot.php(68): CodeIgniter\Boot::runCodeIgniter(Object(CodeIgniter\CodeIgniter))
11 FCPATH\index.php(59): CodeIgniter\Boot::bootWeb(Object(Config\Paths))
ERROR - 2025-10-07 10:15:32 --> mysqli_sql_exception: Table 'zayrakart.accounts' doesn't exist in C:\xampp\htdocs\ZayraKart\system\Database\MySQLi\Connection.php:327
Stack trace:
#0 C:\xampp\htdocs\ZayraKart\system\Database\MySQLi\Connection.php(327): mysqli->query('SELECT *\nFROM `...', 0)
#1 C:\xampp\htdocs\ZayraKart\system\Database\BaseConnection.php(729): CodeIgniter\Database\MySQLi\Connection->execute('SELECT *\nFROM `...')
#2 C:\xampp\htdocs\ZayraKart\system\Database\BaseConnection.php(646): CodeIgniter\Database\BaseConnection->simpleQuery('SELECT *\nFROM `...')
#3 C:\xampp\htdocs\ZayraKart\system\Database\BaseBuilder.php(1649): CodeIgniter\Database\BaseConnection->query('SELECT *\nFROM `...', Array, false)
#4 C:\xampp\htdocs\ZayraKart\app\Models\CommonModel.php(39): CodeIgniter\Database\BaseBuilder->get()
#5 C:\xampp\htdocs\ZayraKart\app\Controllers\Home.php(50): App\Models\CommonModel->getAllData('accounts')
#6 C:\xampp\htdocs\ZayraKart\system\CodeIgniter.php(933): App\Controllers\Home->contact()
#7 C:\xampp\htdocs\ZayraKart\system\CodeIgniter.php(507): CodeIgniter\CodeIgniter->runController(Object(App\Controllers\Home))
#8 C:\xampp\htdocs\ZayraKart\system\CodeIgniter.php(354): CodeIgniter\CodeIgniter->handleRequest(NULL, Object(Config\Cache), false)
#9 C:\xampp\htdocs\ZayraKart\system\Boot.php(363): CodeIgniter\CodeIgniter->run()
#10 C:\xampp\htdocs\ZayraKart\system\Boot.php(68): CodeIgniter\Boot::runCodeIgniter(Object(CodeIgniter\CodeIgniter))
#11 C:\xampp\htdocs\ZayraKart\index.php(59): CodeIgniter\Boot::bootWeb(Object(Config\Paths))
#12 {main}
CRITICAL - 2025-10-07 10:15:32 --> CodeIgniter\Database\Exceptions\DatabaseException: Table 'zayrakart.accounts' doesn't exist
[Method: GET, Route: contact]
in SYSTEMPATH\Database\BaseConnection.php on line 684.
 1 SYSTEMPATH\Database\BaseBuilder.php(1649): CodeIgniter\Database\BaseConnection->query('SELECT *
FROM `accounts`', [], false)
 2 APPPATH\Models\CommonModel.php(39): CodeIgniter\Database\BaseBuilder->get()
 3 APPPATH\Controllers\Home.php(50): App\Models\CommonModel->getAllData('accounts')
 4 SYSTEMPATH\CodeIgniter.php(933): App\Controllers\Home->contact()
 5 SYSTEMPATH\CodeIgniter.php(507): CodeIgniter\CodeIgniter->runController(Object(App\Controllers\Home))
 6 SYSTEMPATH\CodeIgniter.php(354): CodeIgniter\CodeIgniter->handleRequest(null, Object(Config\Cache), false)
 7 SYSTEMPATH\Boot.php(363): CodeIgniter\CodeIgniter->run()
 8 SYSTEMPATH\Boot.php(68): CodeIgniter\Boot::runCodeIgniter(Object(CodeIgniter\CodeIgniter))
 9 FCPATH\index.php(59): CodeIgniter\Boot::bootWeb(Object(Config\Paths))
CRITICAL - 2025-10-07 10:15:32 --> [Caused by] CodeIgniter\Database\Exceptions\DatabaseException: Table 'zayrakart.accounts' doesn't exist
in SYSTEMPATH\Database\MySQLi\Connection.php on line 332.
 1 SYSTEMPATH\Database\BaseConnection.php(729): CodeIgniter\Database\MySQLi\Connection->execute('SELECT *
FROM `accounts`')
 2 SYSTEMPATH\Database\BaseConnection.php(646): CodeIgniter\Database\BaseConnection->simpleQuery('SELECT *
FROM `accounts`')
 3 SYSTEMPATH\Database\BaseBuilder.php(1649): CodeIgniter\Database\BaseConnection->query('SELECT *
FROM `accounts`', [], false)
 4 APPPATH\Models\CommonModel.php(39): CodeIgniter\Database\BaseBuilder->get()
 5 APPPATH\Controllers\Home.php(50): App\Models\CommonModel->getAllData('accounts')
 6 SYSTEMPATH\CodeIgniter.php(933): App\Controllers\Home->contact()
 7 SYSTEMPATH\CodeIgniter.php(507): CodeIgniter\CodeIgniter->runController(Object(App\Controllers\Home))
 8 SYSTEMPATH\CodeIgniter.php(354): CodeIgniter\CodeIgniter->handleRequest(null, Object(Config\Cache), false)
 9 SYSTEMPATH\Boot.php(363): CodeIgniter\CodeIgniter->run()
10 SYSTEMPATH\Boot.php(68): CodeIgniter\Boot::runCodeIgniter(Object(CodeIgniter\CodeIgniter))
11 FCPATH\index.php(59): CodeIgniter\Boot::bootWeb(Object(Config\Paths))
CRITICAL - 2025-10-07 10:15:32 --> [Caused by] mysqli_sql_exception: Table 'zayrakart.accounts' doesn't exist
in SYSTEMPATH\Database\MySQLi\Connection.php on line 327.
 1 SYSTEMPATH\Database\MySQLi\Connection.php(327): mysqli->query('SELECT *
FROM `accounts`', 0)
 2 SYSTEMPATH\Database\BaseConnection.php(729): CodeIgniter\Database\MySQLi\Connection->execute('SELECT *
FROM `accounts`')
 3 SYSTEMPATH\Database\BaseConnection.php(646): CodeIgniter\Database\BaseConnection->simpleQuery('SELECT *
FROM `accounts`')
 4 SYSTEMPATH\Database\BaseBuilder.php(1649): CodeIgniter\Database\BaseConnection->query('SELECT *
FROM `accounts`', [], false)
 5 APPPATH\Models\CommonModel.php(39): CodeIgniter\Database\BaseBuilder->get()
 6 APPPATH\Controllers\Home.php(50): App\Models\CommonModel->getAllData('accounts')
 7 SYSTEMPATH\CodeIgniter.php(933): App\Controllers\Home->contact()
 8 SYSTEMPATH\CodeIgniter.php(507): CodeIgniter\CodeIgniter->runController(Object(App\Controllers\Home))
 9 SYSTEMPATH\CodeIgniter.php(354): CodeIgniter\CodeIgniter->handleRequest(null, Object(Config\Cache), false)
10 SYSTEMPATH\Boot.php(363): CodeIgniter\CodeIgniter->run()
11 SYSTEMPATH\Boot.php(68): CodeIgniter\Boot::runCodeIgniter(Object(CodeIgniter\CodeIgniter))
12 FCPATH\index.php(59): CodeIgniter\Boot::bootWeb(Object(Config\Paths))
CRITICAL - 2025-10-07 10:31:53 --> ErrorException: Undefined array key 1
[Method: GET, Route: admin/setting]
in APPPATH\Views\backend\setting.php on line 58.
 1 APPPATH\Views\backend\setting.php(58): CodeIgniter\Debug\Exceptions->errorHandler(2, 'Undefined array key 1', 'C:\\xampp\\htdocs\\ZayraKart\\app\\Views\\backend\\setting.php', 58)
 2 SYSTEMPATH\View\View.php(226): include('C:\\xampp\\htdocs\\ZayraKart\\app\\Views\\backend\\setting.php')
 3 SYSTEMPATH\View\View.php(229): CodeIgniter\View\View->CodeIgniter\View\{closure}()
 4 SYSTEMPATH\Common.php(1167): CodeIgniter\View\View->render('backend/setting', [], true)
 5 APPPATH\Controllers\Admin.php(352): view('backend/setting', [...])
 6 SYSTEMPATH\CodeIgniter.php(933): App\Controllers\Admin->setting()
 7 SYSTEMPATH\CodeIgniter.php(507): CodeIgniter\CodeIgniter->runController(Object(App\Controllers\Admin))
 8 SYSTEMPATH\CodeIgniter.php(354): CodeIgniter\CodeIgniter->handleRequest(null, Object(Config\Cache), false)
 9 SYSTEMPATH\Boot.php(363): CodeIgniter\CodeIgniter->run()
10 SYSTEMPATH\Boot.php(68): CodeIgniter\Boot::runCodeIgniter(Object(CodeIgniter\CodeIgniter))
11 FCPATH\index.php(59): CodeIgniter\Boot::bootWeb(Object(Config\Paths))
CRITICAL - 2025-10-07 10:32:15 --> ErrorException: Undefined array key 1
[Method: GET, Route: admin/setting]
in APPPATH\Views\backend\setting.php on line 58.
 1 APPPATH\Views\backend\setting.php(58): CodeIgniter\Debug\Exceptions->errorHandler(2, 'Undefined array key 1', 'C:\\xampp\\htdocs\\ZayraKart\\app\\Views\\backend\\setting.php', 58)
 2 SYSTEMPATH\View\View.php(226): include('C:\\xampp\\htdocs\\ZayraKart\\app\\Views\\backend\\setting.php')
 3 SYSTEMPATH\View\View.php(229): CodeIgniter\View\View->CodeIgniter\View\{closure}()
 4 SYSTEMPATH\Common.php(1167): CodeIgniter\View\View->render('backend/setting', [], true)
 5 APPPATH\Controllers\Admin.php(352): view('backend/setting', [...])
 6 SYSTEMPATH\CodeIgniter.php(933): App\Controllers\Admin->setting()
 7 SYSTEMPATH\CodeIgniter.php(507): CodeIgniter\CodeIgniter->runController(Object(App\Controllers\Admin))
 8 SYSTEMPATH\CodeIgniter.php(354): CodeIgniter\CodeIgniter->handleRequest(null, Object(Config\Cache), false)
 9 SYSTEMPATH\Boot.php(363): CodeIgniter\CodeIgniter->run()
10 SYSTEMPATH\Boot.php(68): CodeIgniter\Boot::runCodeIgniter(Object(CodeIgniter\CodeIgniter))
11 FCPATH\index.php(59): CodeIgniter\Boot::bootWeb(Object(Config\Paths))
CRITICAL - 2025-10-07 10:32:17 --> ErrorException: Undefined array key 1
[Method: GET, Route: admin/setting]
in APPPATH\Views\backend\setting.php on line 58.
 1 APPPATH\Views\backend\setting.php(58): CodeIgniter\Debug\Exceptions->errorHandler(2, 'Undefined array key 1', 'C:\\xampp\\htdocs\\ZayraKart\\app\\Views\\backend\\setting.php', 58)
 2 SYSTEMPATH\View\View.php(226): include('C:\\xampp\\htdocs\\ZayraKart\\app\\Views\\backend\\setting.php')
 3 SYSTEMPATH\View\View.php(229): CodeIgniter\View\View->CodeIgniter\View\{closure}()
 4 SYSTEMPATH\Common.php(1167): CodeIgniter\View\View->render('backend/setting', [], true)
 5 APPPATH\Controllers\Admin.php(352): view('backend/setting', [...])
 6 SYSTEMPATH\CodeIgniter.php(933): App\Controllers\Admin->setting()
 7 SYSTEMPATH\CodeIgniter.php(507): CodeIgniter\CodeIgniter->runController(Object(App\Controllers\Admin))
 8 SYSTEMPATH\CodeIgniter.php(354): CodeIgniter\CodeIgniter->handleRequest(null, Object(Config\Cache), false)
 9 SYSTEMPATH\Boot.php(363): CodeIgniter\CodeIgniter->run()
10 SYSTEMPATH\Boot.php(68): CodeIgniter\Boot::runCodeIgniter(Object(CodeIgniter\CodeIgniter))
11 FCPATH\index.php(59): CodeIgniter\Boot::bootWeb(Object(Config\Paths))
CRITICAL - 2025-10-07 10:32:25 --> ErrorException: Undefined array key 1
[Method: GET, Route: admin/setting]
in APPPATH\Views\backend\setting.php on line 58.
 1 APPPATH\Views\backend\setting.php(58): CodeIgniter\Debug\Exceptions->errorHandler(2, 'Undefined array key 1', 'C:\\xampp\\htdocs\\ZayraKart\\app\\Views\\backend\\setting.php', 58)
 2 SYSTEMPATH\View\View.php(226): include('C:\\xampp\\htdocs\\ZayraKart\\app\\Views\\backend\\setting.php')
 3 SYSTEMPATH\View\View.php(229): CodeIgniter\View\View->CodeIgniter\View\{closure}()
 4 SYSTEMPATH\Common.php(1167): CodeIgniter\View\View->render('backend/setting', [], true)
 5 APPPATH\Controllers\Admin.php(352): view('backend/setting', [...])
 6 SYSTEMPATH\CodeIgniter.php(933): App\Controllers\Admin->setting()
 7 SYSTEMPATH\CodeIgniter.php(507): CodeIgniter\CodeIgniter->runController(Object(App\Controllers\Admin))
 8 SYSTEMPATH\CodeIgniter.php(354): CodeIgniter\CodeIgniter->handleRequest(null, Object(Config\Cache), false)
 9 SYSTEMPATH\Boot.php(363): CodeIgniter\CodeIgniter->run()
10 SYSTEMPATH\Boot.php(68): CodeIgniter\Boot::runCodeIgniter(Object(CodeIgniter\CodeIgniter))
11 FCPATH\index.php(59): CodeIgniter\Boot::bootWeb(Object(Config\Paths))
CRITICAL - 2025-10-07 10:33:39 --> ErrorException: Undefined array key 1
[Method: GET, Route: admin/setting]
in APPPATH\Views\backend\setting.php on line 58.
 1 APPPATH\Views\backend\setting.php(58): CodeIgniter\Debug\Exceptions->errorHandler(2, 'Undefined array key 1', 'C:\\xampp\\htdocs\\ZayraKart\\app\\Views\\backend\\setting.php', 58)
 2 SYSTEMPATH\View\View.php(226): include('C:\\xampp\\htdocs\\ZayraKart\\app\\Views\\backend\\setting.php')
 3 SYSTEMPATH\View\View.php(229): CodeIgniter\View\View->CodeIgniter\View\{closure}()
 4 SYSTEMPATH\Common.php(1167): CodeIgniter\View\View->render('backend/setting', [], true)
 5 APPPATH\Controllers\Admin.php(352): view('backend/setting', [...])
 6 SYSTEMPATH\CodeIgniter.php(933): App\Controllers\Admin->setting()
 7 SYSTEMPATH\CodeIgniter.php(507): CodeIgniter\CodeIgniter->runController(Object(App\Controllers\Admin))
 8 SYSTEMPATH\CodeIgniter.php(354): CodeIgniter\CodeIgniter->handleRequest(null, Object(Config\Cache), false)
 9 SYSTEMPATH\Boot.php(363): CodeIgniter\CodeIgniter->run()
10 SYSTEMPATH\Boot.php(68): CodeIgniter\Boot::runCodeIgniter(Object(CodeIgniter\CodeIgniter))
11 FCPATH\index.php(59): CodeIgniter\Boot::bootWeb(Object(Config\Paths))
CRITICAL - 2025-10-07 10:33:39 --> ErrorException: Undefined array key 1
[Method: GET, Route: admin/setting]
in APPPATH\Views\backend\setting.php on line 58.
 1 APPPATH\Views\backend\setting.php(58): CodeIgniter\Debug\Exceptions->errorHandler(2, 'Undefined array key 1', 'C:\\xampp\\htdocs\\ZayraKart\\app\\Views\\backend\\setting.php', 58)
 2 SYSTEMPATH\View\View.php(226): include('C:\\xampp\\htdocs\\ZayraKart\\app\\Views\\backend\\setting.php')
 3 SYSTEMPATH\View\View.php(229): CodeIgniter\View\View->CodeIgniter\View\{closure}()
 4 SYSTEMPATH\Common.php(1167): CodeIgniter\View\View->render('backend/setting', [], true)
 5 APPPATH\Controllers\Admin.php(352): view('backend/setting', [...])
 6 SYSTEMPATH\CodeIgniter.php(933): App\Controllers\Admin->setting()
 7 SYSTEMPATH\CodeIgniter.php(507): CodeIgniter\CodeIgniter->runController(Object(App\Controllers\Admin))
 8 SYSTEMPATH\CodeIgniter.php(354): CodeIgniter\CodeIgniter->handleRequest(null, Object(Config\Cache), false)
 9 SYSTEMPATH\Boot.php(363): CodeIgniter\CodeIgniter->run()
10 SYSTEMPATH\Boot.php(68): CodeIgniter\Boot::runCodeIgniter(Object(CodeIgniter\CodeIgniter))
11 FCPATH\index.php(59): CodeIgniter\Boot::bootWeb(Object(Config\Paths))
CRITICAL - 2025-10-07 10:40:33 --> ErrorException: Undefined variable $conn
[Method: GET, Route: admin/messages]
in APPPATH\Views\backend\messages.php on line 31.
 1 APPPATH\Views\backend\messages.php(31): CodeIgniter\Debug\Exceptions->errorHandler(2, 'Undefined variable $conn', 'C:\\xampp\\htdocs\\ZayraKart\\app\\Views\\backend\\messages.php', 31)
 2 SYSTEMPATH\View\View.php(226): include('C:\\xampp\\htdocs\\ZayraKart\\app\\Views\\backend\\messages.php')
 3 SYSTEMPATH\View\View.php(229): CodeIgniter\View\View->CodeIgniter\View\{closure}()
 4 SYSTEMPATH\Common.php(1167): CodeIgniter\View\View->render('backend/messages', [], true)
 5 APPPATH\Controllers\Admin.php(35): view('backend/messages')
 6 SYSTEMPATH\CodeIgniter.php(933): App\Controllers\Admin->messages()
 7 SYSTEMPATH\CodeIgniter.php(507): CodeIgniter\CodeIgniter->runController(Object(App\Controllers\Admin))
 8 SYSTEMPATH\CodeIgniter.php(354): CodeIgniter\CodeIgniter->handleRequest(null, Object(Config\Cache), false)
 9 SYSTEMPATH\Boot.php(363): CodeIgniter\CodeIgniter->run()
10 SYSTEMPATH\Boot.php(68): CodeIgniter\Boot::runCodeIgniter(Object(CodeIgniter\CodeIgniter))
11 FCPATH\index.php(59): CodeIgniter\Boot::bootWeb(Object(Config\Paths))
CRITICAL - 2025-10-07 10:41:39 --> ErrorException: Cannot use positional argument after named argument
[Method: GET, Route: admin/messages]
in APPPATH\Controllers\Admin.php on line 33.
 1 [internal function]: CodeIgniter\Debug\Exceptions->shutdownHandler()
CRITICAL - 2025-10-07 10:41:40 --> ErrorException: Cannot use positional argument after named argument
[Method: GET, Route: admin/messages]
in APPPATH\Controllers\Admin.php on line 33.
 1 [internal function]: CodeIgniter\Debug\Exceptions->shutdownHandler()
CRITICAL - 2025-10-07 10:41:47 --> ErrorException: Undefined variable $conn
[Method: GET, Route: admin/messages]
in APPPATH\Views\backend\messages.php on line 31.
 1 APPPATH\Views\backend\messages.php(31): CodeIgniter\Debug\Exceptions->errorHandler(2, 'Undefined variable $conn', 'C:\\xampp\\htdocs\\ZayraKart\\app\\Views\\backend\\messages.php', 31)
 2 SYSTEMPATH\View\View.php(226): include('C:\\xampp\\htdocs\\ZayraKart\\app\\Views\\backend\\messages.php')
 3 SYSTEMPATH\View\View.php(229): CodeIgniter\View\View->CodeIgniter\View\{closure}()
 4 SYSTEMPATH\Common.php(1167): CodeIgniter\View\View->render('backend/messages', [], true)
 5 APPPATH\Controllers\Admin.php(34): view('backend/messages', [...])
 6 SYSTEMPATH\CodeIgniter.php(933): App\Controllers\Admin->messages()
 7 SYSTEMPATH\CodeIgniter.php(507): CodeIgniter\CodeIgniter->runController(Object(App\Controllers\Admin))
 8 SYSTEMPATH\CodeIgniter.php(354): CodeIgniter\CodeIgniter->handleRequest(null, Object(Config\Cache), false)
 9 SYSTEMPATH\Boot.php(363): CodeIgniter\CodeIgniter->run()
10 SYSTEMPATH\Boot.php(68): CodeIgniter\Boot::runCodeIgniter(Object(CodeIgniter\CodeIgniter))
11 FCPATH\index.php(59): CodeIgniter\Boot::bootWeb(Object(Config\Paths))
CRITICAL - 2025-10-07 10:41:48 --> ErrorException: Undefined variable $conn
[Method: GET, Route: admin/messages]
in APPPATH\Views\backend\messages.php on line 31.
 1 APPPATH\Views\backend\messages.php(31): CodeIgniter\Debug\Exceptions->errorHandler(2, 'Undefined variable $conn', 'C:\\xampp\\htdocs\\ZayraKart\\app\\Views\\backend\\messages.php', 31)
 2 SYSTEMPATH\View\View.php(226): include('C:\\xampp\\htdocs\\ZayraKart\\app\\Views\\backend\\messages.php')
 3 SYSTEMPATH\View\View.php(229): CodeIgniter\View\View->CodeIgniter\View\{closure}()
 4 SYSTEMPATH\Common.php(1167): CodeIgniter\View\View->render('backend/messages', [], true)
 5 APPPATH\Controllers\Admin.php(34): view('backend/messages', [...])
 6 SYSTEMPATH\CodeIgniter.php(933): App\Controllers\Admin->messages()
 7 SYSTEMPATH\CodeIgniter.php(507): CodeIgniter\CodeIgniter->runController(Object(App\Controllers\Admin))
 8 SYSTEMPATH\CodeIgniter.php(354): CodeIgniter\CodeIgniter->handleRequest(null, Object(Config\Cache), false)
 9 SYSTEMPATH\Boot.php(363): CodeIgniter\CodeIgniter->run()
10 SYSTEMPATH\Boot.php(68): CodeIgniter\Boot::runCodeIgniter(Object(CodeIgniter\CodeIgniter))
11 FCPATH\index.php(59): CodeIgniter\Boot::bootWeb(Object(Config\Paths))
CRITICAL - 2025-10-07 10:42:11 --> ErrorException: Undefined array key "received_date"
[Method: GET, Route: admin/messages]
in APPPATH\Views\backend\messages.php on line 41.
 1 APPPATH\Views\backend\messages.php(41): CodeIgniter\Debug\Exceptions->errorHandler(2, 'Undefined array key "received_date"', 'C:\\xampp\\htdocs\\ZayraKart\\app\\Views\\backend\\messages.php', 41)
 2 SYSTEMPATH\View\View.php(226): include('C:\\xampp\\htdocs\\ZayraKart\\app\\Views\\backend\\messages.php')
 3 SYSTEMPATH\View\View.php(229): CodeIgniter\View\View->CodeIgniter\View\{closure}()
 4 SYSTEMPATH\Common.php(1167): CodeIgniter\View\View->render('backend/messages', [], true)
 5 APPPATH\Controllers\Admin.php(34): view('backend/messages', [...])
 6 SYSTEMPATH\CodeIgniter.php(933): App\Controllers\Admin->messages()
 7 SYSTEMPATH\CodeIgniter.php(507): CodeIgniter\CodeIgniter->runController(Object(App\Controllers\Admin))
 8 SYSTEMPATH\CodeIgniter.php(354): CodeIgniter\CodeIgniter->handleRequest(null, Object(Config\Cache), false)
 9 SYSTEMPATH\Boot.php(363): CodeIgniter\CodeIgniter->run()
10 SYSTEMPATH\Boot.php(68): CodeIgniter\Boot::runCodeIgniter(Object(CodeIgniter\CodeIgniter))
11 FCPATH\index.php(59): CodeIgniter\Boot::bootWeb(Object(Config\Paths))
CRITICAL - 2025-10-07 10:43:23 --> ErrorException: Undefined array key "received_date"
[Method: GET, Route: admin/messages]
in APPPATH\Views\backend\messages.php on line 38.
 1 APPPATH\Views\backend\messages.php(38): CodeIgniter\Debug\Exceptions->errorHandler(2, 'Undefined array key "received_date"', 'C:\\xampp\\htdocs\\ZayraKart\\app\\Views\\backend\\messages.php', 38)
 2 SYSTEMPATH\View\View.php(226): include('C:\\xampp\\htdocs\\ZayraKart\\app\\Views\\backend\\messages.php')
 3 SYSTEMPATH\View\View.php(229): CodeIgniter\View\View->CodeIgniter\View\{closure}()
 4 SYSTEMPATH\Common.php(1167): CodeIgniter\View\View->render('backend/messages', [], true)
 5 APPPATH\Controllers\Admin.php(34): view('backend/messages', [...])
 6 SYSTEMPATH\CodeIgniter.php(933): App\Controllers\Admin->messages()
 7 SYSTEMPATH\CodeIgniter.php(507): CodeIgniter\CodeIgniter->runController(Object(App\Controllers\Admin))
 8 SYSTEMPATH\CodeIgniter.php(354): CodeIgniter\CodeIgniter->handleRequest(null, Object(Config\Cache), false)
 9 SYSTEMPATH\Boot.php(363): CodeIgniter\CodeIgniter->run()
10 SYSTEMPATH\Boot.php(68): CodeIgniter\Boot::runCodeIgniter(Object(CodeIgniter\CodeIgniter))
11 FCPATH\index.php(59): CodeIgniter\Boot::bootWeb(Object(Config\Paths))
CRITICAL - 2025-10-07 10:57:10 --> ErrorException: Undefined variable $conn
[Method: GET, Route: admin/subscribers]
in APPPATH\Views\backend\subscribers.php on line 29.
 1 APPPATH\Views\backend\subscribers.php(29): CodeIgniter\Debug\Exceptions->errorHandler(2, 'Undefined variable $conn', 'C:\\xampp\\htdocs\\ZayraKart\\app\\Views\\backend\\subscribers.php', 29)
 2 SYSTEMPATH\View\View.php(226): include('C:\\xampp\\htdocs\\ZayraKart\\app\\Views\\backend\\subscribers.php')
 3 SYSTEMPATH\View\View.php(229): CodeIgniter\View\View->CodeIgniter\View\{closure}()
 4 SYSTEMPATH\Common.php(1167): CodeIgniter\View\View->render('backend/subscribers', [], true)
 5 APPPATH\Controllers\Admin.php(40): view('backend/subscribers', [...])
 6 SYSTEMPATH\CodeIgniter.php(933): App\Controllers\Admin->subscribers()
 7 SYSTEMPATH\CodeIgniter.php(507): CodeIgniter\CodeIgniter->runController(Object(App\Controllers\Admin))
 8 SYSTEMPATH\CodeIgniter.php(354): CodeIgniter\CodeIgniter->handleRequest(null, Object(Config\Cache), false)
 9 SYSTEMPATH\Boot.php(363): CodeIgniter\CodeIgniter->run()
10 SYSTEMPATH\Boot.php(68): CodeIgniter\Boot::runCodeIgniter(Object(CodeIgniter\CodeIgniter))
11 FCPATH\index.php(59): CodeIgniter\Boot::bootWeb(Object(Config\Paths))
CRITICAL - 2025-10-07 11:08:52 --> ErrorException: Undefined variable $conn
[Method: GET, Route: admin/useraccounts]
in APPPATH\Views\backend\user_accounts.php on line 29.
 1 APPPATH\Views\backend\user_accounts.php(29): CodeIgniter\Debug\Exceptions->errorHandler(2, 'Undefined variable $conn', 'C:\\xampp\\htdocs\\ZayraKart\\app\\Views\\backend\\user_accounts.php', 29)
 2 SYSTEMPATH\View\View.php(226): include('C:\\xampp\\htdocs\\ZayraKart\\app\\Views\\backend\\user_accounts.php')
 3 SYSTEMPATH\View\View.php(229): CodeIgniter\View\View->CodeIgniter\View\{closure}()
 4 SYSTEMPATH\Common.php(1167): CodeIgniter\View\View->render('backend/user_accounts', [], true)
 5 APPPATH\Controllers\Admin.php(46): view('backend/user_accounts', [...])
 6 SYSTEMPATH\CodeIgniter.php(933): App\Controllers\Admin->useraccounts()
 7 SYSTEMPATH\CodeIgniter.php(507): CodeIgniter\CodeIgniter->runController(Object(App\Controllers\Admin))
 8 SYSTEMPATH\CodeIgniter.php(354): CodeIgniter\CodeIgniter->handleRequest(null, Object(Config\Cache), false)
 9 SYSTEMPATH\Boot.php(363): CodeIgniter\CodeIgniter->run()
10 SYSTEMPATH\Boot.php(68): CodeIgniter\Boot::runCodeIgniter(Object(CodeIgniter\CodeIgniter))
11 FCPATH\index.php(59): CodeIgniter\Boot::bootWeb(Object(Config\Paths))
CRITICAL - 2025-10-07 11:09:10 --> ErrorException: Undefined variable $conn
[Method: GET, Route: admin/useraccounts]
in APPPATH\Views\backend\user_accounts.php on line 29.
 1 APPPATH\Views\backend\user_accounts.php(29): CodeIgniter\Debug\Exceptions->errorHandler(2, 'Undefined variable $conn', 'C:\\xampp\\htdocs\\ZayraKart\\app\\Views\\backend\\user_accounts.php', 29)
 2 SYSTEMPATH\View\View.php(226): include('C:\\xampp\\htdocs\\ZayraKart\\app\\Views\\backend\\user_accounts.php')
 3 SYSTEMPATH\View\View.php(229): CodeIgniter\View\View->CodeIgniter\View\{closure}()
 4 SYSTEMPATH\Common.php(1167): CodeIgniter\View\View->render('backend/user_accounts', [], true)
 5 APPPATH\Controllers\Admin.php(46): view('backend/user_accounts', [...])
 6 SYSTEMPATH\CodeIgniter.php(933): App\Controllers\Admin->useraccounts()
 7 SYSTEMPATH\CodeIgniter.php(507): CodeIgniter\CodeIgniter->runController(Object(App\Controllers\Admin))
 8 SYSTEMPATH\CodeIgniter.php(354): CodeIgniter\CodeIgniter->handleRequest(null, Object(Config\Cache), false)
 9 SYSTEMPATH\Boot.php(363): CodeIgniter\CodeIgniter->run()
10 SYSTEMPATH\Boot.php(68): CodeIgniter\Boot::runCodeIgniter(Object(CodeIgniter\CodeIgniter))
11 FCPATH\index.php(59): CodeIgniter\Boot::bootWeb(Object(Config\Paths))
CRITICAL - 2025-10-07 11:09:31 --> ErrorException: Undefined array key "receive_date"
[Method: GET, Route: admin/useraccounts]
in APPPATH\Views\backend\user_accounts.php on line 36.
 1 APPPATH\Views\backend\user_accounts.php(36): CodeIgniter\Debug\Exceptions->errorHandler(2, 'Undefined array key "receive_date"', 'C:\\xampp\\htdocs\\ZayraKart\\app\\Views\\backend\\user_accounts.php', 36)
 2 SYSTEMPATH\View\View.php(226): include('C:\\xampp\\htdocs\\ZayraKart\\app\\Views\\backend\\user_accounts.php')
 3 SYSTEMPATH\View\View.php(229): CodeIgniter\View\View->CodeIgniter\View\{closure}()
 4 SYSTEMPATH\Common.php(1167): CodeIgniter\View\View->render('backend/user_accounts', [], true)
 5 APPPATH\Controllers\Admin.php(46): view('backend/user_accounts', [...])
 6 SYSTEMPATH\CodeIgniter.php(933): App\Controllers\Admin->useraccounts()
 7 SYSTEMPATH\CodeIgniter.php(507): CodeIgniter\CodeIgniter->runController(Object(App\Controllers\Admin))
 8 SYSTEMPATH\CodeIgniter.php(354): CodeIgniter\CodeIgniter->handleRequest(null, Object(Config\Cache), false)
 9 SYSTEMPATH\Boot.php(363): CodeIgniter\CodeIgniter->run()
10 SYSTEMPATH\Boot.php(68): CodeIgniter\Boot::runCodeIgniter(Object(CodeIgniter\CodeIgniter))
11 FCPATH\index.php(59): CodeIgniter\Boot::bootWeb(Object(Config\Paths))
CRITICAL - 2025-10-07 11:09:32 --> ErrorException: Undefined array key "receive_date"
[Method: GET, Route: admin/useraccounts]
in APPPATH\Views\backend\user_accounts.php on line 36.
 1 APPPATH\Views\backend\user_accounts.php(36): CodeIgniter\Debug\Exceptions->errorHandler(2, 'Undefined array key "receive_date"', 'C:\\xampp\\htdocs\\ZayraKart\\app\\Views\\backend\\user_accounts.php', 36)
 2 SYSTEMPATH\View\View.php(226): include('C:\\xampp\\htdocs\\ZayraKart\\app\\Views\\backend\\user_accounts.php')
 3 SYSTEMPATH\View\View.php(229): CodeIgniter\View\View->CodeIgniter\View\{closure}()
 4 SYSTEMPATH\Common.php(1167): CodeIgniter\View\View->render('backend/user_accounts', [], true)
 5 APPPATH\Controllers\Admin.php(46): view('backend/user_accounts', [...])
 6 SYSTEMPATH\CodeIgniter.php(933): App\Controllers\Admin->useraccounts()
 7 SYSTEMPATH\CodeIgniter.php(507): CodeIgniter\CodeIgniter->runController(Object(App\Controllers\Admin))
 8 SYSTEMPATH\CodeIgniter.php(354): CodeIgniter\CodeIgniter->handleRequest(null, Object(Config\Cache), false)
 9 SYSTEMPATH\Boot.php(363): CodeIgniter\CodeIgniter->run()
10 SYSTEMPATH\Boot.php(68): CodeIgniter\Boot::runCodeIgniter(Object(CodeIgniter\CodeIgniter))
11 FCPATH\index.php(59): CodeIgniter\Boot::bootWeb(Object(Config\Paths))
CRITICAL - 2025-10-07 11:24:12 --> ErrorException: Trying to access array offset on value of type bool
[Method: GET, Route: admin/useraccounts]
in APPPATH\Views\backend\user_accounts.php on line 47.
 1 APPPATH\Views\backend\user_accounts.php(47): CodeIgniter\Debug\Exceptions->errorHandler(2, 'Trying to access array offset on value of type bool', 'C:\\xampp\\htdocs\\ZayraKart\\app\\Views\\backend\\user_accounts.php', 47)
 2 SYSTEMPATH\View\View.php(226): include('C:\\xampp\\htdocs\\ZayraKart\\app\\Views\\backend\\user_accounts.php')
 3 SYSTEMPATH\View\View.php(229): CodeIgniter\View\View->CodeIgniter\View\{closure}()
 4 SYSTEMPATH\Common.php(1167): CodeIgniter\View\View->render('backend/user_accounts', [], true)
 5 APPPATH\Controllers\Admin.php(47): view('backend/user_accounts', [...])
 6 SYSTEMPATH\CodeIgniter.php(933): App\Controllers\Admin->useraccounts()
 7 SYSTEMPATH\CodeIgniter.php(507): CodeIgniter\CodeIgniter->runController(Object(App\Controllers\Admin))
 8 SYSTEMPATH\CodeIgniter.php(354): CodeIgniter\CodeIgniter->handleRequest(null, Object(Config\Cache), false)
 9 SYSTEMPATH\Boot.php(363): CodeIgniter\CodeIgniter->run()
10 SYSTEMPATH\Boot.php(68): CodeIgniter\Boot::runCodeIgniter(Object(CodeIgniter\CodeIgniter))
11 FCPATH\index.php(59): CodeIgniter\Boot::bootWeb(Object(Config\Paths))
CRITICAL - 2025-10-07 11:44:50 --> ErrorException: Undefined variable $image
[Method: GET, Route: Profile]
in APPPATH\Views\frontend\Profile\index.php on line 35.
 1 APPPATH\Views\frontend\Profile\index.php(35): CodeIgniter\Debug\Exceptions->errorHandler(2, 'Undefined variable $image', 'C:\\xampp\\htdocs\\ZayraKart\\app\\Views\\frontend\\Profile\\index.php', 35)
 2 SYSTEMPATH\View\View.php(226): include('C:\\xampp\\htdocs\\ZayraKart\\app\\Views\\frontend\\Profile\\index.php')
 3 SYSTEMPATH\View\View.php(229): CodeIgniter\View\View->CodeIgniter\View\{closure}()
 4 SYSTEMPATH\Common.php(1167): CodeIgniter\View\View->render('frontend/Profile/index', [], true)
 5 APPPATH\Controllers\Home.php(160): view('frontend/Profile/index', [...])
 6 SYSTEMPATH\CodeIgniter.php(933): App\Controllers\Home->Profile()
 7 SYSTEMPATH\CodeIgniter.php(507): CodeIgniter\CodeIgniter->runController(Object(App\Controllers\Home))
 8 SYSTEMPATH\CodeIgniter.php(354): CodeIgniter\CodeIgniter->handleRequest(null, Object(Config\Cache), false)
 9 SYSTEMPATH\Boot.php(363): CodeIgniter\CodeIgniter->run()
10 SYSTEMPATH\Boot.php(68): CodeIgniter\Boot::runCodeIgniter(Object(CodeIgniter\CodeIgniter))
11 FCPATH\index.php(59): CodeIgniter\Boot::bootWeb(Object(Config\Paths))
CRITICAL - 2025-10-07 11:44:57 --> ErrorException: Undefined variable $image
[Method: GET, Route: Profile]
in APPPATH\Views\frontend\Profile\index.php on line 35.
 1 APPPATH\Views\frontend\Profile\index.php(35): CodeIgniter\Debug\Exceptions->errorHandler(2, 'Undefined variable $image', 'C:\\xampp\\htdocs\\ZayraKart\\app\\Views\\frontend\\Profile\\index.php', 35)
 2 SYSTEMPATH\View\View.php(226): include('C:\\xampp\\htdocs\\ZayraKart\\app\\Views\\frontend\\Profile\\index.php')
 3 SYSTEMPATH\View\View.php(229): CodeIgniter\View\View->CodeIgniter\View\{closure}()
 4 SYSTEMPATH\Common.php(1167): CodeIgniter\View\View->render('frontend/Profile/index', [], true)
 5 APPPATH\Controllers\Home.php(160): view('frontend/Profile/index', [...])
 6 SYSTEMPATH\CodeIgniter.php(933): App\Controllers\Home->Profile()
 7 SYSTEMPATH\CodeIgniter.php(507): CodeIgniter\CodeIgniter->runController(Object(App\Controllers\Home))
 8 SYSTEMPATH\CodeIgniter.php(354): CodeIgniter\CodeIgniter->handleRequest(null, Object(Config\Cache), false)
 9 SYSTEMPATH\Boot.php(363): CodeIgniter\CodeIgniter->run()
10 SYSTEMPATH\Boot.php(68): CodeIgniter\Boot::runCodeIgniter(Object(CodeIgniter\CodeIgniter))
11 FCPATH\index.php(59): CodeIgniter\Boot::bootWeb(Object(Config\Paths))
CRITICAL - 2025-10-07 11:45:04 --> ErrorException: Undefined variable $image
[Method: GET, Route: Profile]
in APPPATH\Views\frontend\Profile\index.php on line 35.
 1 APPPATH\Views\frontend\Profile\index.php(35): CodeIgniter\Debug\Exceptions->errorHandler(2, 'Undefined variable $image', 'C:\\xampp\\htdocs\\ZayraKart\\app\\Views\\frontend\\Profile\\index.php', 35)
 2 SYSTEMPATH\View\View.php(226): include('C:\\xampp\\htdocs\\ZayraKart\\app\\Views\\frontend\\Profile\\index.php')
 3 SYSTEMPATH\View\View.php(229): CodeIgniter\View\View->CodeIgniter\View\{closure}()
 4 SYSTEMPATH\Common.php(1167): CodeIgniter\View\View->render('frontend/Profile/index', [], true)
 5 APPPATH\Controllers\Home.php(160): view('frontend/Profile/index', [...])
 6 SYSTEMPATH\CodeIgniter.php(933): App\Controllers\Home->Profile()
 7 SYSTEMPATH\CodeIgniter.php(507): CodeIgniter\CodeIgniter->runController(Object(App\Controllers\Home))
 8 SYSTEMPATH\CodeIgniter.php(354): CodeIgniter\CodeIgniter->handleRequest(null, Object(Config\Cache), false)
 9 SYSTEMPATH\Boot.php(363): CodeIgniter\CodeIgniter->run()
10 SYSTEMPATH\Boot.php(68): CodeIgniter\Boot::runCodeIgniter(Object(CodeIgniter\CodeIgniter))
11 FCPATH\index.php(59): CodeIgniter\Boot::bootWeb(Object(Config\Paths))
CRITICAL - 2025-10-07 11:49:18 --> ErrorException: Undefined variable $conn
[Method: GET, Route: admin/product]
in APPPATH\Views\backend\product.php on line 33.
 1 APPPATH\Views\backend\product.php(33): CodeIgniter\Debug\Exceptions->errorHandler(2, 'Undefined variable $conn', 'C:\\xampp\\htdocs\\ZayraKart\\app\\Views\\backend\\product.php', 33)
 2 SYSTEMPATH\View\View.php(226): include('C:\\xampp\\htdocs\\ZayraKart\\app\\Views\\backend\\product.php')
 3 SYSTEMPATH\View\View.php(229): CodeIgniter\View\View->CodeIgniter\View\{closure}()
 4 SYSTEMPATH\Common.php(1167): CodeIgniter\View\View->render('backend/product', [], true)
 5 APPPATH\Controllers\Admin.php(53): view('backend/product', [...])
 6 SYSTEMPATH\CodeIgniter.php(933): App\Controllers\Admin->product()
 7 SYSTEMPATH\CodeIgniter.php(507): CodeIgniter\CodeIgniter->runController(Object(App\Controllers\Admin))
 8 SYSTEMPATH\CodeIgniter.php(354): CodeIgniter\CodeIgniter->handleRequest(null, Object(Config\Cache), false)
 9 SYSTEMPATH\Boot.php(363): CodeIgniter\CodeIgniter->run()
10 SYSTEMPATH\Boot.php(68): CodeIgniter\Boot::runCodeIgniter(Object(CodeIgniter\CodeIgniter))
11 FCPATH\index.php(59): CodeIgniter\Boot::bootWeb(Object(Config\Paths))
CRITICAL - 2025-10-07 11:49:47 --> ErrorException: Undefined variable $i
[Method: GET, Route: admin/product]
in APPPATH\Views\backend\product.php on line 39.
 1 APPPATH\Views\backend\product.php(39): CodeIgniter\Debug\Exceptions->errorHandler(2, 'Undefined variable $i', 'C:\\xampp\\htdocs\\ZayraKart\\app\\Views\\backend\\product.php', 39)
 2 SYSTEMPATH\View\View.php(226): include('C:\\xampp\\htdocs\\ZayraKart\\app\\Views\\backend\\product.php')
 3 SYSTEMPATH\View\View.php(229): CodeIgniter\View\View->CodeIgniter\View\{closure}()
 4 SYSTEMPATH\Common.php(1167): CodeIgniter\View\View->render('backend/product', [], true)
 5 APPPATH\Controllers\Admin.php(53): view('backend/product', [...])
 6 SYSTEMPATH\CodeIgniter.php(933): App\Controllers\Admin->product()
 7 SYSTEMPATH\CodeIgniter.php(507): CodeIgniter\CodeIgniter->runController(Object(App\Controllers\Admin))
 8 SYSTEMPATH\CodeIgniter.php(354): CodeIgniter\CodeIgniter->handleRequest(null, Object(Config\Cache), false)
 9 SYSTEMPATH\Boot.php(363): CodeIgniter\CodeIgniter->run()
10 SYSTEMPATH\Boot.php(68): CodeIgniter\Boot::runCodeIgniter(Object(CodeIgniter\CodeIgniter))
11 FCPATH\index.php(59): CodeIgniter\Boot::bootWeb(Object(Config\Paths))
CRITICAL - 2025-10-07 11:49:57 --> ErrorException: Undefined variable $conn
[Method: GET, Route: admin/product]
in APPPATH\Views\backend\product.php on line 51.
 1 APPPATH\Views\backend\product.php(51): CodeIgniter\Debug\Exceptions->errorHandler(2, 'Undefined variable $conn', 'C:\\xampp\\htdocs\\ZayraKart\\app\\Views\\backend\\product.php', 51)
 2 SYSTEMPATH\View\View.php(226): include('C:\\xampp\\htdocs\\ZayraKart\\app\\Views\\backend\\product.php')
 3 SYSTEMPATH\View\View.php(229): CodeIgniter\View\View->CodeIgniter\View\{closure}()
 4 SYSTEMPATH\Common.php(1167): CodeIgniter\View\View->render('backend/product', [], true)
 5 APPPATH\Controllers\Admin.php(53): view('backend/product', [...])
 6 SYSTEMPATH\CodeIgniter.php(933): App\Controllers\Admin->product()
 7 SYSTEMPATH\CodeIgniter.php(507): CodeIgniter\CodeIgniter->runController(Object(App\Controllers\Admin))
 8 SYSTEMPATH\CodeIgniter.php(354): CodeIgniter\CodeIgniter->handleRequest(null, Object(Config\Cache), false)
 9 SYSTEMPATH\Boot.php(363): CodeIgniter\CodeIgniter->run()
10 SYSTEMPATH\Boot.php(68): CodeIgniter\Boot::runCodeIgniter(Object(CodeIgniter\CodeIgniter))
11 FCPATH\index.php(59): CodeIgniter\Boot::bootWeb(Object(Config\Paths))
